#
# A fatal error has been detected by the Java Runtime Environment:
#
#  EXCEPTION_ACCESS_VIOLATION (0xc0000005) at pc=0x00007ffc6584809f, pid=14004, tid=7640
#
# JRE version: Java(TM) SE Runtime Environment (9.0+11) (build 9.0.4+11)
# Java VM: Java HotSpot(TM) 64-Bit Server VM (9.0.4+11, mixed mode, tiered, compressed oops, g1 gc, windows-amd64)
# Problematic frame:
# C  [librdi_device.dll+0x5c809f]
#
# No core dump will be written. Minidumps are not enabled by default on client versions of Windows
#
# If you would like to submit a bug report, please visit:
#   http://bugreport.java.com/bugreport/crash.jsp
# The crash happened outside the Java Virtual Machine in native code.
# See problematic frame for where to report the bug.
#

---------------  S U M M A R Y ------------

Command Line: -Dsun.java2d.pmoffscreen=false -Dsun.java2d.xrender=false -Dsun.java2d.d3d=false -Dsun.awt.nopixfmt=true -Dsun.java2d.dpiaware=true -Dsun.java2d.uiScale.enabled=false -Xverify:none -Dswing.aatext=true -XX:-UsePerfData -Djdk.map.althashing.threshold=512 -XX:StringTableSize=4072 --add-opens=java.base/java.nio=ALL-UNNAMED --add-opens=java.desktop/sun.swing=ALL-UNNAMED --add-opens=java.desktop/javax.swing=ALL-UNNAMED --add-opens=java.desktop/javax.swing.tree=ALL-UNNAMED --add-opens=java.desktop/javax.swing.plaf.basic=ALL-UNNAMED --add-opens=java.desktop/javax.swing.plaf.synth=ALL-UNNAMED --add-opens=java.desktop/com.sun.awt=ALL-UNNAMED -XX:NewSize=60m -XX:MaxNewSize=60m -Xms128m -Xmx3072m -Xss5m 

Host: Intel(R) Core(TM) i7-8700 CPU @ 3.20GHz, 12 cores, 15G,  Windows 10 , 64 bit Build 19041 (10.0.19041.928)
Time: Thu May 27 17:48:10 2021 ¢¥eCN©öI¡¾©ö C¡ÍA¨ª¨öA elapsed time: 11228 seconds (0d 3h 7m 8s)

---------------  T H R E A D  ---------------

Current thread (0x000002432eee9000):  JavaThread "AWT-EventQueue-1" [_thread_in_native, id=7640, stack(0x0000005588900000,0x0000005588e00000)]

Stack: [0x0000005588900000,0x0000005588e00000],  sp=0x0000005588dfb290,  free space=5100k
Native frames: (J=compiled Java code, j=interpreted, Vv=VM code, C=native code)

Java frames: (J=compiled Java code, j=interpreted, Vv=VM code)
j  ui.frmwork.tcltasksi.abortNow()V+0
j  ui.bm.b(Ljava/awt/Component;)Z+69
j  ui.cd.windowClosing(Ljava/awt/event/WindowEvent;)V+79
j  java.awt.AWTEventMulticaster.windowClosing(Ljava/awt/event/WindowEvent;)V+21 java.desktop@9.0.4
j  java.awt.AWTEventMulticaster.windowClosing(Ljava/awt/event/WindowEvent;)V+8 java.desktop@9.0.4
j  java.awt.AWTEventMulticaster.windowClosing(Ljava/awt/event/WindowEvent;)V+8 java.desktop@9.0.4
j  java.awt.Window.processWindowEvent(Ljava/awt/event/WindowEvent;)V+68 java.desktop@9.0.4
j  javax.swing.JFrame.processWindowEvent(Ljava/awt/event/WindowEvent;)V+2 java.desktop@9.0.4
J 15979 c1 java.awt.Window.processEvent(Ljava/awt/AWTEvent;)V java.desktop@9.0.4 (101 bytes) @ 0x00000243176a6154 [0x00000243176a5a60+0x00000000000006f4]
J 18592 c2 java.awt.Component.dispatchEventImpl(Ljava/awt/AWTEvent;)V java.desktop@9.0.4 (739 bytes) @ 0x000002431e2752e8 [0x000002431e274760+0x0000000000000b88]
J 16259 c2 java.awt.Container.dispatchEventImpl(Ljava/awt/AWTEvent;)V java.desktop@9.0.4 (129 bytes) @ 0x000002431e863bf0 [0x000002431e863b80+0x0000000000000070]
J 20326 c2 java.awt.Window.dispatchEventImpl(Ljava/awt/AWTEvent;)V java.desktop@9.0.4 (23 bytes) @ 0x000002431e62100c [0x000002431e620fc0+0x000000000000004c]
J 13311 c2 java.awt.EventQueue$3.run()Ljava/lang/Object; java.desktop@9.0.4 (5 bytes) @ 0x000002431e4dcf7c [0x000002431e4dc980+0x00000000000005fc]
v  ~StubRoutines::call_stub
J 4298  java.security.AccessController.doPrivileged(Ljava/security/PrivilegedAction;Ljava/security/AccessControlContext;)Ljava/lang/Object; java.base@9.0.4 (0 bytes) @ 0x000002431dc9a046 [0x000002431dc99fe0+0x0000000000000066]
J 18246 c2 java.awt.EventQueue$4.run()Ljava/lang/Object; java.desktop@9.0.4 (5 bytes) @ 0x000002431e5d17c0 [0x000002431e5d1560+0x0000000000000260]
v  ~StubRoutines::call_stub
J 4298  java.security.AccessController.doPrivileged(Ljava/security/PrivilegedAction;Ljava/security/AccessControlContext;)Ljava/lang/Object; java.base@9.0.4 (0 bytes) @ 0x000002431dc9a046 [0x000002431dc99fe0+0x0000000000000066]
J 13484 c2 ui.frmwork.b.d.dispatchEvent(Ljava/awt/AWTEvent;)V (34 bytes) @ 0x000002431db5fc4c [0x000002431db5f800+0x000000000000044c]
J 18818 c2 java.awt.EventDispatchThread.pumpOneEventForFilters(I)V java.desktop@9.0.4 (218 bytes) @ 0x000002431e5fd340 [0x000002431e5fd080+0x00000000000002c0]
J 14923% c2 java.awt.EventDispatchThread.pumpEventsForFilter(ILjava/awt/Conditional;Ljava/awt/EventFilter;)V java.desktop@9.0.4 (47 bytes) @ 0x000002431daaab58 [0x000002431daaaa40+0x0000000000000118]
j  java.awt.EventDispatchThread.pumpEventsForHierarchy(ILjava/awt/Conditional;Ljava/awt/Component;)V+11 java.desktop@9.0.4
j  java.awt.EventDispatchThread.pumpEvents(ILjava/awt/Conditional;)V+4 java.desktop@9.0.4
j  java.awt.EventDispatchThread.pumpEvents(Ljava/awt/Conditional;)V+3 java.desktop@9.0.4
j  java.awt.EventDispatchThread.run()V+9 java.desktop@9.0.4
v  ~StubRoutines::call_stub

siginfo: EXCEPTION_ACCESS_VIOLATION (0xc0000005), reading address 0x0000000000000020


Register to memory mapping:

RIP=0x00007ffc6584809f librdi_device.dll
RAX=0x00007ffc76cdd9b0 librdi_device.dll
RBX=0x00000243050b83d0 is an unknown value
RCX=0x0000000000000002 is an unknown value
RDX=0x00007ffc76cdd9b0 librdi_device.dll
RSP=0x0000005588dfb290 is pointing into the stack for thread: 0x000002432eee9000
RBP=0x0000000000000000 is an unknown value
RSI=0x0000024304fb6780 is an unknown value
RDI=0x0000000000000004 is an unknown value
R8 =0x0000000000000000 is an unknown value
R9 =0x0000000000000018 is an unknown value
R10=0x0000000000008000 is an unknown value
R11=0x0000005588dfb4e0 is pointing into the stack for thread: 0x000002432eee9000
R12=0x00007ffc6f7cbc00 librdi_device.dll
R13={method} {0x000002430e1cba40} 'abortNow' '()V' in 'ui/frmwork/tcltasksi'
R14=0x0000005588dfb648 is pointing into the stack for thread: 0x000002432eee9000
R15=0x000002433c0630b0 is an unknown value


Registers:
RAX=0x00007ffc76cdd9b0, RBX=0x00000243050b83d0, RCX=0x0000000000000002, RDX=0x00007ffc76cdd9b0
RSP=0x0000005588dfb290, RBP=0x0000000000000000, RSI=0x0000024304fb6780, RDI=0x0000000000000004
R8 =0x0000000000000000, R9 =0x0000000000000018, R10=0x0000000000008000, R11=0x0000005588dfb4e0
R12=0x00007ffc6f7cbc00, R13=0x000002430e1cba38, R14=0x0000005588dfb648, R15=0x000002433c0630b0
RIP=0x00007ffc6584809f, EFLAGS=0x0000000000010202

Top of Stack: (sp=0x0000005588dfb290)
0x0000005588dfb290:   0000024306816fe0 000002430510d020
0x0000005588dfb2a0:   0000024306816fe0 00007ffcdfe35ba1
0x0000005588dfb2b0:   fffffffffffffffe 00007ffcdfe35ba1
0x0000005588dfb2c0:   0000005588dfb648 00000243050b83d0
0x0000005588dfb2d0:   0000024304fb6780 00007ffc658249b2
0x0000005588dfb2e0:   00000243050b83d0 00007ffcdfe35ba1
0x0000005588dfb2f0:   0000000000000000 0000024302d50000
0x0000005588dfb300:   fffffffffffffffe 0000000000101000
0x0000005588dfb310:   0000005588dfb648 00007ffc65824f79
0x0000005588dfb320:   0000024304fb6780 00007ffc6584a582
0x0000005588dfb330:   000002430510a380 000002430510d020
0x0000005588dfb340:   fffffffffffffffe 00007ffcdfe347b1
0x0000005588dfb350:   0000024304fb6780 0000024304fb6780
0x0000005588dfb360:   00000243050b83d0 00007ffc6584a7be
0x0000005588dfb370:   0000024305463dc0 00007ffcdfe347b1
0x0000005588dfb380:   0000000000000000 00007ffcdfe35ba1 

Instructions: (pc=0x00007ffc6584809f)
0x00007ffc6584807f:   e8 ec fa ff ff 48 8b d0 48 8b cb 48 c1 e9 03 48
0x00007ffc6584808f:   03 cb 48 23 48 30 4c 8b 40 18 48 8b f9 48 03 ff
0x00007ffc6584809f:   49 8b 3c f8 48 03 c9 4c 8d 0c cd 08 00 00 00 4d
0x00007ffc658480af:   8b 14 c8 4c 3b 52 08 75 06 48 8b 42 08 eb 07 4b 



---------------  P R O C E S S  ---------------

Java Threads: ( => current thread )
  0x00000243320fb000 JavaThread "Image Fetcher 0" daemon [_thread_blocked, id=11360, stack(0x000000558c300000,0x000000558c800000)]
  0x00000243320f8800 JavaThread "Timer-1" daemon [_thread_blocked, id=10860, stack(0x000000558e600000,0x000000558eb00000)]
  0x00000243320f6800 JavaThread "RunnableQueue-0" daemon [_thread_blocked, id=7660, stack(0x000000558dc00000,0x000000558e100000)]
  0x00000243320f5800 JavaThread "Image Animator 0" daemon [_thread_blocked, id=7824, stack(0x000000558eb00000,0x000000558f000000)]
  0x00000243320f7000 JavaThread "Monitor File Timestamp Swing Worker" [_thread_blocked, id=7464, stack(0x000000558e100000,0x000000558e600000)]
  0x000002432eaf7000 JavaThread "Timer-0" [_thread_blocked, id=5012, stack(0x000000558aa00000,0x000000558af00000)]
  0x000002432eafb000 JavaThread "c" [_thread_blocked, id=9924, stack(0x000000558d700000,0x000000558dc00000)]
  0x00000243306d1000 JavaThread "FileSystemWatchService" daemon [_thread_in_native, id=4968, stack(0x000000558d200000,0x000000558d700000)]
  0x00000243306d0000 JavaThread "Update Runs Swing Worker" [_thread_blocked, id=5676, stack(0x000000558cd00000,0x000000558d200000)]
  0x00000243306ce800 JavaThread "Refresh Filesets Swing Worker" [_thread_blocked, id=2320, stack(0x000000558be00000,0x000000558c300000)]
  0x00000243306d1800 JavaThread "Swing-Shell" daemon [_thread_blocked, id=1720, stack(0x0000005588e00000,0x0000005589300000)]
  0x00000243306cc800 JavaThread "SyntheticaAnimation 50" daemon [_thread_blocked, id=5728, stack(0x0000005587a00000,0x0000005587f00000)]
  0x00000243306d2800 JavaThread "Update Runs Swing Worker" [_thread_blocked, id=6608, stack(0x000000558c800000,0x000000558cd00000)]
  0x000002432eafd000 JavaThread "hw_ila_monitor" [_thread_blocked, id=13620, stack(0x000000558b900000,0x000000558be00000)]
  0x000002432eafc800 JavaThread "Refresh Filesets Swing Worker" [_thread_blocked, id=13876, stack(0x000000558b400000,0x000000558b900000)]
  0x000002432eafa000 JavaThread "SyntheticaAnimation 70" daemon [_thread_blocked, id=9652, stack(0x000000558af00000,0x000000558b400000)]
  0x000002432eaf6800 JavaThread "SyntheticaAnimation 25" daemon [_thread_blocked, id=13208, stack(0x000000558a500000,0x000000558aa00000)]
  0x000002432eaf9800 JavaThread "SyntheticaAnimation 50" daemon [_thread_blocked, id=14108, stack(0x000000558a000000,0x000000558a500000)]
  0x000002432eafb800 JavaThread "Monitor HEventQueue" [_thread_blocked, id=13996, stack(0x0000005589b00000,0x000000558a000000)]
  0x000002432eaf8800 JavaThread "SyntheticaCleanerThread" daemon [_thread_blocked, id=13124, stack(0x0000005589300000,0x0000005589800000)]
  0x000002432eaf8000 JavaThread "Batik CleanerThread" daemon [_thread_blocked, id=12112, stack(0x0000005587f00000,0x0000005588400000)]
=>0x000002432eee9000 JavaThread "AWT-EventQueue-1" [_thread_in_native, id=7640, stack(0x0000005588900000,0x0000005588e00000)]
  0x000002432dbb1000 JavaThread "Process Messages" [_thread_blocked, id=3296, stack(0x0000005588400000,0x0000005588900000)]
  0x000002432dada000 JavaThread "Thread-1" [_thread_in_native, id=13604, stack(0x0000005580d00000,0x0000005582100000)]
  0x000002432d53c800 JavaThread "TimerQueue" daemon [_thread_blocked, id=12928, stack(0x0000005587500000,0x0000005587a00000)]
  0x000002432d0ac000 JavaThread "AWT-Windows" daemon [_thread_in_native, id=12780, stack(0x0000005587000000,0x0000005587500000)]
  0x000002432d055800 JavaThread "AWT-Shutdown" [_thread_blocked, id=12488, stack(0x0000005586b00000,0x0000005587000000)]
  0x000002432d579800 JavaThread "Java2D Disposer" daemon [_thread_blocked, id=14048, stack(0x0000005586600000,0x0000005586b00000)]
  0x0000024308740800 JavaThread "Service Thread" daemon [_thread_blocked, id=8624, stack(0x0000005586000000,0x0000005586500000)]
  0x00000243052b0800 JavaThread "Common-Cleaner" daemon [_thread_blocked, id=6392, stack(0x0000005585b00000,0x0000005586000000)]
  0x000002430529f800 JavaThread "Sweeper thread" daemon [_thread_blocked, id=2724, stack(0x0000005585600000,0x0000005585b00000)]
  0x000002430529e800 JavaThread "C1 CompilerThread3" daemon [_thread_blocked, id=10688, stack(0x0000005585500000,0x0000005585600000)]
  0x000002430529d800 JavaThread "C2 CompilerThread2" daemon [_thread_blocked, id=5448, stack(0x0000005585400000,0x0000005585500000)]
  0x000002430aa76800 JavaThread "C2 CompilerThread1" daemon [_thread_blocked, id=1216, stack(0x0000005585300000,0x0000005585400000)]
  0x000002430aa76000 JavaThread "C2 CompilerThread0" daemon [_thread_blocked, id=14172, stack(0x0000005585200000,0x0000005585300000)]
  0x000002430ad9f000 JavaThread "Attach Listener" daemon [_thread_blocked, id=14324, stack(0x0000005584d00000,0x0000005585200000)]
  0x00000243006aa000 JavaThread "Signal Dispatcher" daemon [_thread_blocked, id=3832, stack(0x0000005584800000,0x0000005584d00000)]
  0x000002430ea03000 JavaThread "Finalizer" daemon [_thread_blocked, id=7020, stack(0x0000005584300000,0x0000005584800000)]
  0x000002430ea02800 JavaThread "Reference Handler" daemon [_thread_blocked, id=11132, stack(0x0000005583e00000,0x0000005584300000)]
  0x000002430eb0c000 JavaThread "main" [_thread_blocked, id=8368, stack(0x0000005580c00000,0x0000005580d00000)]

Other Threads:
  0x0000024308577800 VMThread "VM Thread" [stack: 0x0000005583d00000,0x0000005583e00000] [id=14176]
  0x00000243088cb800 WatcherThread [stack: 0x0000005586500000,0x0000005586600000] [id=9932]
  0x000002430efb3800 GCTaskThread "GC Thread#0" [stack: 0x0000005582400000,0x0000005582500000] [id=8944]
  0x000002430e701000 GCTaskThread "GC Thread#1" [stack: 0x0000005582500000,0x0000005582600000] [id=13824]
  0x000002430e701800 GCTaskThread "GC Thread#2" [stack: 0x0000005582600000,0x0000005582700000] [id=11680]
  0x000002430e702800 GCTaskThread "GC Thread#3" [stack: 0x0000005582700000,0x0000005582800000] [id=5296]
  0x000002430e6ff000 GCTaskThread "GC Thread#4" [stack: 0x0000005582800000,0x0000005582900000] [id=13144]
  0x000002430e6fe800 GCTaskThread "GC Thread#5" [stack: 0x0000005582900000,0x0000005582a00000] [id=10300]
  0x000002430e703000 GCTaskThread "GC Thread#6" [stack: 0x0000005582a00000,0x0000005582b00000] [id=13988]
  0x000002430e6ff800 GCTaskThread "GC Thread#7" [stack: 0x0000005582b00000,0x0000005582c00000] [id=13384]
  0x000002430e700800 GCTaskThread "GC Thread#8" [stack: 0x0000005582c00000,0x0000005582d00000] [id=13512]
  0x000002430e703800 GCTaskThread "GC Thread#9" [stack: 0x0000005582d00000,0x0000005582e00000] [id=6940]
  0x000002430af6c000 ConcurrentGCThread "G1 Main Marker" [stack: 0x0000005583900000,0x0000005583a00000] [id=13896]
  0x000002430e704000 ConcurrentGCThread "G1 Marker#0" [stack: 0x0000005583a00000,0x0000005583b00000] [id=11456]
  0x000002430e705000 ConcurrentGCThread "G1 Marker#1" [stack: 0x0000005583b00000,0x0000005583c00000] [id=4308]
  0x000002430e6fe000 ConcurrentGCThread "G1 Marker#2" [stack: 0x0000005583c00000,0x0000005583d00000] [id=11560]
  0x00000243092ac000 ConcurrentGCThread "G1 Refine#0" [stack: 0x0000005583700000,0x0000005583800000] [id=14240]
  0x00000243092ab800 ConcurrentGCThread "G1 Refine#1" [stack: 0x0000005583600000,0x0000005583700000] [id=12768]
  0x000002430f021000 ConcurrentGCThread "G1 Refine#2" [stack: 0x0000005583500000,0x0000005583600000] [id=4988]
  0x000002430f020800 ConcurrentGCThread "G1 Refine#3" [stack: 0x0000005583400000,0x0000005583500000] [id=11432]
  0x000002430aff9000 ConcurrentGCThread "G1 Refine#4" [stack: 0x0000005583300000,0x0000005583400000] [id=4852]
  0x000002430acf5800 ConcurrentGCThread "G1 Refine#5" [stack: 0x0000005583200000,0x0000005583300000] [id=13076]
  0x000002430acf5000 ConcurrentGCThread "G1 Refine#6" [stack: 0x0000005583100000,0x0000005583200000] [id=9736]
  0x000002430acf4800 ConcurrentGCThread "G1 Refine#7" [stack: 0x0000005583000000,0x0000005583100000] [id=9784]
  0x0000024309932800 ConcurrentGCThread "G1 Refine#8" [stack: 0x0000005582f00000,0x0000005583000000] [id=9416]
  0x0000024309932000 ConcurrentGCThread "G1 Refine#9" [stack: 0x0000005582e00000,0x0000005582f00000] [id=5656]
  0x00000243092ac800 ConcurrentGCThread "G1 Young RemSet Sampling" [stack: 0x0000005583800000,0x0000005583900000] [id=10464]

Threads with active compile tasks:

VM state:not at safepoint (normal execution)

VM Mutex/Monitor currently owned by a thread: None

Heap address: 0x0000000700000000, size: 3072 MB, Compressed Oops mode: Zero based, Oop shift amount: 3
Narrow klass base: 0x0000000000000000, Narrow klass shift: 3
Compressed class space size: 1073741824 Address: 0x00000007c0000000

Heap:
 garbage-first heap   total 187392K, used 138302K [0x0000000700000000, 0x00000007001005b8, 0x00000007c0000000)
  region size 1024K, 19 young (19456K), 2 survivors (2048K)
 Metaspace       used 88355K, capacity 92201K, committed 93744K, reserved 1130496K
  class space    used 12568K, capacity 13263K, committed 13616K, reserved 1048576K
Heap Regions: E=young(eden), S=young(survivor), O=old, HS=humongous(starts), HC=humongous(continues), CS=collection set, F=free, A=archive, TS=gc time stamp, AC=allocation context, TAMS=top-at-mark-start (previous, next)
|   0|0x0000000700000000, 0x00000007000e0c00, 0x0000000700100000| 87%| O|  |TS  0|AC  0|TAMS 0x00000007000e0c00, 0x00000007000e0c00|
|   1|0x0000000700100000, 0x0000000700200000, 0x0000000700200000|100%|HS|  |TS  0|AC  0|TAMS 0x0000000700200000, 0x0000000700200000|
|   2|0x0000000700200000, 0x0000000700300000, 0x0000000700300000|100%|HC|  |TS  0|AC  0|TAMS 0x0000000700300000, 0x0000000700300000|
|   3|0x0000000700300000, 0x0000000700400000, 0x0000000700400000|100%|HS|  |TS  0|AC  0|TAMS 0x0000000700400000, 0x0000000700400000|
|   4|0x0000000700400000, 0x00000007004f8230, 0x0000000700500000| 96%| O|  |TS  0|AC  0|TAMS 0x00000007004f8230, 0x00000007004f8230|
|   5|0x0000000700500000, 0x00000007005fbe68, 0x0000000700600000| 98%| O|  |TS  0|AC  0|TAMS 0x00000007005fbe68, 0x00000007005fbe68|
|   6|0x0000000700600000, 0x00000007006fffe8, 0x0000000700700000| 99%| O|  |TS  0|AC  0|TAMS 0x00000007006fffe8, 0x00000007006fffe8|
|   7|0x0000000700700000, 0x00000007007fffd0, 0x0000000700800000| 99%| O|  |TS  0|AC  0|TAMS 0x00000007007fffd0, 0x00000007007fffd0|
|   8|0x0000000700800000, 0x00000007008fffe8, 0x0000000700900000| 99%| O|  |TS  0|AC  0|TAMS 0x00000007008fffe8, 0x00000007008fffe8|
|   9|0x0000000700900000, 0x00000007009edfb8, 0x0000000700a00000| 92%| O|  |TS  0|AC  0|TAMS 0x00000007009edfb8, 0x00000007009edfb8|
|  10|0x0000000700a00000, 0x0000000700afff78, 0x0000000700b00000| 99%| O|  |TS  0|AC  0|TAMS 0x0000000700afff78, 0x0000000700afff78|
|  11|0x0000000700b00000, 0x0000000700bffff0, 0x0000000700c00000| 99%| O|  |TS  0|AC  0|TAMS 0x0000000700bffff0, 0x0000000700bffff0|
|  12|0x0000000700c00000, 0x0000000700cffce0, 0x0000000700d00000| 99%| O|  |TS  0|AC  0|TAMS 0x0000000700cffce0, 0x0000000700cffce0|
|  13|0x0000000700d00000, 0x0000000700dffe58, 0x0000000700e00000| 99%| O|  |TS  0|AC  0|TAMS 0x0000000700dffe58, 0x0000000700dffe58|
|  14|0x0000000700e00000, 0x0000000700effe00, 0x0000000700f00000| 99%| O|  |TS  0|AC  0|TAMS 0x0000000700effe00, 0x0000000700effe00|
|  15|0x0000000700f00000, 0x0000000700ffb810, 0x0000000701000000| 98%| O|  |TS  0|AC  0|TAMS 0x0000000700ffb810, 0x0000000700ffb810|
|  16|0x0000000701000000, 0x00000007010d73b0, 0x0000000701100000| 84%| O|  |TS  0|AC  0|TAMS 0x00000007010d73b0, 0x00000007010d73b0|
|  17|0x0000000701100000, 0x00000007011ff4f8, 0x0000000701200000| 99%| O|  |TS  0|AC  0|TAMS 0x00000007011ff4f8, 0x00000007011ff4f8|
|  18|0x0000000701200000, 0x00000007012ffff0, 0x0000000701300000| 99%| O|  |TS  0|AC  0|TAMS 0x00000007012ffff0, 0x00000007012ffff0|
|  19|0x0000000701300000, 0x00000007013ffff8, 0x0000000701400000| 99%| O|  |TS  0|AC  0|TAMS 0x00000007013ffff8, 0x00000007013ffff8|
|  20|0x0000000701400000, 0x000000070149e608, 0x0000000701500000| 61%| O|  |TS  0|AC  0|TAMS 0x000000070149e608, 0x000000070149e608|
|  21|0x0000000701500000, 0x0000000701600000, 0x0000000701600000|100%| O|  |TS  0|AC  0|TAMS 0x0000000701600000, 0x0000000701600000|
|  22|0x0000000701600000, 0x00000007016fd298, 0x0000000701700000| 98%| O|  |TS  0|AC  0|TAMS 0x00000007016fd298, 0x00000007016fd298|
|  23|0x0000000701700000, 0x00000007017ffff8, 0x0000000701800000| 99%| O|  |TS  0|AC  0|TAMS 0x00000007017ffff8, 0x00000007017ffff8|
|  24|0x0000000701800000, 0x00000007018ffdf8, 0x0000000701900000| 99%| O|  |TS  0|AC  0|TAMS 0x00000007018ffdf8, 0x00000007018ffdf8|
|  25|0x0000000701900000, 0x00000007019ffff8, 0x0000000701a00000| 99%| O|  |TS  0|AC  0|TAMS 0x00000007019ffff8, 0x00000007019ffff8|
|  26|0x0000000701a00000, 0x0000000701b00000, 0x0000000701b00000|100%| O|  |TS  0|AC  0|TAMS 0x0000000701b00000, 0x0000000701b00000|
|  27|0x0000000701b00000, 0x0000000701bffff8, 0x0000000701c00000| 99%| O|  |TS  0|AC  0|TAMS 0x0000000701bffff8, 0x0000000701bffff8|
|  28|0x0000000701c00000, 0x0000000701cfffe8, 0x0000000701d00000| 99%| O|  |TS  0|AC  0|TAMS 0x0000000701cfffe8, 0x0000000701cfffe8|
|  29|0x0000000701d00000, 0x0000000701dffff0, 0x0000000701e00000| 99%| O|  |TS  0|AC  0|TAMS 0x0000000701dffff0, 0x0000000701dffff0|
|  30|0x0000000701e00000, 0x0000000701effff8, 0x0000000701f00000| 99%| O|  |TS  0|AC  0|TAMS 0x0000000701effff8, 0x0000000701effff8|
|  31|0x0000000701f00000, 0x0000000702000000, 0x0000000702000000|100%| O|  |TS  0|AC  0|TAMS 0x0000000702000000, 0x0000000702000000|
|  32|0x0000000702000000, 0x00000007020fffd0, 0x0000000702100000| 99%| O|  |TS  0|AC  0|TAMS 0x00000007020fffd0, 0x00000007020fffd0|
|  33|0x0000000702100000, 0x00000007021ffec8, 0x0000000702200000| 99%| O|  |TS  0|AC  0|TAMS 0x00000007021ffec8, 0x00000007021ffec8|
|  34|0x0000000702200000, 0x00000007022fffd8, 0x0000000702300000| 99%| O|  |TS  0|AC  0|TAMS 0x00000007022fffd8, 0x00000007022fffd8|
|  35|0x0000000702300000, 0x00000007023ffff8, 0x0000000702400000| 99%| O|  |TS  0|AC  0|TAMS 0x00000007023ffff8, 0x00000007023ffff8|
|  36|0x0000000702400000, 0x00000007024fffe8, 0x0000000702500000| 99%| O|  |TS  0|AC  0|TAMS 0x00000007024fffe8, 0x00000007024fffe8|
|  37|0x0000000702500000, 0x00000007025ec3a8, 0x0000000702600000| 92%| O|  |TS  0|AC  0|TAMS 0x00000007025ec3a8, 0x00000007025ec3a8|
|  38|0x0000000702600000, 0x00000007026fffb8, 0x0000000702700000| 99%| O|  |TS  0|AC  0|TAMS 0x00000007026fffb8, 0x00000007026fffb8|
|  39|0x0000000702700000, 0x0000000702800000, 0x0000000702800000|100%| O|  |TS  0|AC  0|TAMS 0x0000000702800000, 0x0000000702800000|
|  40|0x0000000702800000, 0x00000007028f7ac8, 0x0000000702900000| 96%| O|  |TS  0|AC  0|TAMS 0x00000007028f7ac8, 0x00000007028f7ac8|
|  41|0x0000000702900000, 0x00000007029fff18, 0x0000000702a00000| 99%| O|  |TS  0|AC  0|TAMS 0x00000007029fff18, 0x00000007029fff18|
|  42|0x0000000702a00000, 0x0000000702affe28, 0x0000000702b00000| 99%| O|  |TS  0|AC  0|TAMS 0x0000000702affe28, 0x0000000702affe28|
|  43|0x0000000702b00000, 0x0000000702bffff0, 0x0000000702c00000| 99%| O|  |TS  0|AC  0|TAMS 0x0000000702bffff0, 0x0000000702bffff0|
|  44|0x0000000702c00000, 0x0000000702cffff8, 0x0000000702d00000| 99%| O|  |TS  0|AC  0|TAMS 0x0000000702cffff8, 0x0000000702cffff8|
|  45|0x0000000702d00000, 0x0000000702dffff8, 0x0000000702e00000| 99%| O|  |TS  0|AC  0|TAMS 0x0000000702dffff8, 0x0000000702dffff8|
|  46|0x0000000702e00000, 0x0000000702f00000, 0x0000000702f00000|100%|HS|  |TS  0|AC  0|TAMS 0x0000000702f00000, 0x0000000702f00000|
|  47|0x0000000702f00000, 0x0000000703000000, 0x0000000703000000|100%|HC|  |TS  0|AC  0|TAMS 0x0000000703000000, 0x0000000703000000|
|  48|0x0000000703000000, 0x0000000703100000, 0x0000000703100000|100%|HC|  |TS  0|AC  0|TAMS 0x0000000703100000, 0x0000000703100000|
|  49|0x0000000703100000, 0x0000000703200000, 0x0000000703200000|100%|HC|  |TS  0|AC  0|TAMS 0x0000000703200000, 0x0000000703200000|
|  50|0x0000000703200000, 0x0000000703300000, 0x0000000703300000|100%|HC|  |TS  0|AC  0|TAMS 0x0000000703300000, 0x0000000703300000|
|  51|0x0000000703300000, 0x0000000703400000, 0x0000000703400000|100%|HC|  |TS  0|AC  0|TAMS 0x0000000703400000, 0x0000000703400000|
|  52|0x0000000703400000, 0x0000000703500000, 0x0000000703500000|100%|HC|  |TS  0|AC  0|TAMS 0x0000000703500000, 0x0000000703500000|
|  53|0x0000000703500000, 0x0000000703600000, 0x0000000703600000|100%|HC|  |TS  0|AC  0|TAMS 0x0000000703600000, 0x0000000703600000|
|  54|0x0000000703600000, 0x00000007036ffff8, 0x0000000703700000| 99%| O|  |TS  0|AC  0|TAMS 0x00000007036ffff8, 0x00000007036ffff8|
|  55|0x0000000703700000, 0x00000007037fffe8, 0x0000000703800000| 99%| O|  |TS  0|AC  0|TAMS 0x00000007037fffe8, 0x00000007037fffe8|
|  56|0x0000000703800000, 0x00000007038fff98, 0x0000000703900000| 99%| O|  |TS  0|AC  0|TAMS 0x00000007038fff98, 0x00000007038fff98|
|  57|0x0000000703900000, 0x00000007039ffff8, 0x0000000703a00000| 99%| O|  |TS  0|AC  0|TAMS 0x00000007039ffff8, 0x00000007039ffff8|
|  58|0x0000000703a00000, 0x0000000703b00000, 0x0000000703b00000|100%|HS|  |TS  0|AC  0|TAMS 0x0000000703b00000, 0x0000000703b00000|
|  59|0x0000000703b00000, 0x0000000703bfffe8, 0x0000000703c00000| 99%| O|  |TS  0|AC  0|TAMS 0x0000000703bfffe8, 0x0000000703bfffe8|
|  60|0x0000000703c00000, 0x0000000703d00000, 0x0000000703d00000|100%|HS|  |TS  0|AC  0|TAMS 0x0000000703d00000, 0x0000000703d00000|
|  61|0x0000000703d00000, 0x0000000703dfffd0, 0x0000000703e00000| 99%| O|  |TS  0|AC  0|TAMS 0x0000000703dfffd0, 0x0000000703dfffd0|
|  62|0x0000000703e00000, 0x0000000703effff0, 0x0000000703f00000| 99%| O|  |TS  0|AC  0|TAMS 0x0000000703effff0, 0x0000000703effff0|
|  63|0x0000000703f00000, 0x0000000703fffff8, 0x0000000704000000| 99%| O|  |TS  0|AC  0|TAMS 0x0000000703fffff8, 0x0000000703fffff8|
|  64|0x0000000704000000, 0x00000007040ffff8, 0x0000000704100000| 99%| O|  |TS  0|AC  0|TAMS 0x00000007040ffff8, 0x00000007040ffff8|
|  65|0x0000000704100000, 0x00000007041ffff8, 0x0000000704200000| 99%| O|  |TS  0|AC  0|TAMS 0x00000007041ffff8, 0x00000007041ffff8|
|  66|0x0000000704200000, 0x00000007042ffff0, 0x0000000704300000| 99%| O|  |TS  0|AC  0|TAMS 0x00000007042ffff0, 0x00000007042ffff0|
|  67|0x0000000704300000, 0x00000007043fffd8, 0x0000000704400000| 99%| O|  |TS  0|AC  0|TAMS 0x00000007043fffd8, 0x00000007043fffd8|
|  68|0x0000000704400000, 0x0000000704500000, 0x0000000704500000|100%|HS|  |TS  0|AC  0|TAMS 0x0000000704500000, 0x0000000704500000|
|  69|0x0000000704500000, 0x0000000704600000, 0x0000000704600000|100%|HC|  |TS  0|AC  0|TAMS 0x0000000704600000, 0x0000000704600000|
|  70|0x0000000704600000, 0x0000000704700000, 0x0000000704700000|100%|HC|  |TS  0|AC  0|TAMS 0x0000000704700000, 0x0000000704700000|
|  71|0x0000000704700000, 0x0000000704800000, 0x0000000704800000|100%|HC|  |TS  0|AC  0|TAMS 0x0000000704800000, 0x0000000704800000|
|  72|0x0000000704800000, 0x0000000704900000, 0x0000000704900000|100%| O|  |TS  0|AC  0|TAMS 0x0000000704900000, 0x0000000704900000|
|  73|0x0000000704900000, 0x00000007049fffe8, 0x0000000704a00000| 99%| O|  |TS  0|AC  0|TAMS 0x00000007049fffe8, 0x00000007049fffe8|
|  74|0x0000000704a00000, 0x0000000704affff8, 0x0000000704b00000| 99%| O|  |TS  0|AC  0|TAMS 0x0000000704affff8, 0x0000000704affff8|
|  75|0x0000000704b00000, 0x0000000704bffff8, 0x0000000704c00000| 99%| O|  |TS  0|AC  0|TAMS 0x0000000704bffff8, 0x0000000704bffff8|
|  76|0x0000000704c00000, 0x0000000704cffff8, 0x0000000704d00000| 99%| O|  |TS  0|AC  0|TAMS 0x0000000704cffff8, 0x0000000704cffff8|
|  77|0x0000000704d00000, 0x0000000704dfffa0, 0x0000000704e00000| 99%| O|  |TS  0|AC  0|TAMS 0x0000000704dfffa0, 0x0000000704dfffa0|
|  78|0x0000000704e00000, 0x0000000704efffc0, 0x0000000704f00000| 99%| O|  |TS  0|AC  0|TAMS 0x0000000704efffc0, 0x0000000704efffc0|
|  79|0x0000000704f00000, 0x0000000704ffffe8, 0x0000000705000000| 99%| O|  |TS  0|AC  0|TAMS 0x0000000704ffffe8, 0x0000000704ffffe8|
|  80|0x0000000705000000, 0x00000007050ffff8, 0x0000000705100000| 99%| O|  |TS  0|AC  0|TAMS 0x00000007050ffff8, 0x00000007050ffff8|
|  81|0x0000000705100000, 0x00000007051ffff8, 0x0000000705200000| 99%| O|  |TS  0|AC  0|TAMS 0x00000007051ffff8, 0x00000007051ffff8|
|  82|0x0000000705200000, 0x00000007052fffe8, 0x0000000705300000| 99%| O|  |TS  0|AC  0|TAMS 0x00000007052fffe8, 0x00000007052fffe8|
|  83|0x0000000705300000, 0x00000007053b49e0, 0x0000000705400000| 70%| O|  |TS  0|AC  0|TAMS 0x00000007053b49e0, 0x00000007053b49e0|
|  84|0x0000000705400000, 0x0000000705500000, 0x0000000705500000|100%|HS|  |TS  0|AC  0|TAMS 0x0000000705500000, 0x0000000705500000|
|  85|0x0000000705500000, 0x0000000705600000, 0x0000000705600000|100%|HC|  |TS  0|AC  0|TAMS 0x0000000705600000, 0x0000000705600000|
|  86|0x0000000705600000, 0x0000000705700000, 0x0000000705700000|100%| O|  |TS  0|AC  0|TAMS 0x0000000705700000, 0x0000000705700000|
|  87|0x0000000705700000, 0x0000000705800000, 0x0000000705800000|100%| O|  |TS  0|AC  0|TAMS 0x0000000705800000, 0x0000000705800000|
|  88|0x0000000705800000, 0x0000000705900000, 0x0000000705900000|100%| O|  |TS  0|AC  0|TAMS 0x0000000705900000, 0x0000000705900000|
|  89|0x0000000705900000, 0x0000000705a00000, 0x0000000705a00000|100%| O|  |TS  0|AC  0|TAMS 0x0000000705a00000, 0x0000000705a00000|
|  90|0x0000000705a00000, 0x0000000705b00000, 0x0000000705b00000|100%| O|  |TS  0|AC  0|TAMS 0x0000000705b00000, 0x0000000705b00000|
|  91|0x0000000705b00000, 0x0000000705c00000, 0x0000000705c00000|100%| O|  |TS  0|AC  0|TAMS 0x0000000705c00000, 0x0000000705c00000|
|  92|0x0000000705c00000, 0x0000000705d00000, 0x0000000705d00000|100%| O|  |TS  0|AC  0|TAMS 0x0000000705d00000, 0x0000000705d00000|
|  93|0x0000000705d00000, 0x0000000705e00000, 0x0000000705e00000|100%| O|  |TS  0|AC  0|TAMS 0x0000000705e00000, 0x0000000705e00000|
|  94|0x0000000705e00000, 0x0000000705f00000, 0x0000000705f00000|100%| O|  |TS  0|AC  0|TAMS 0x0000000705f00000, 0x0000000705f00000|
|  95|0x0000000705f00000, 0x0000000706000000, 0x0000000706000000|100%| O|  |TS  0|AC  0|TAMS 0x0000000706000000, 0x0000000706000000|
|  96|0x0000000706000000, 0x0000000706100000, 0x0000000706100000|100%| O|  |TS  0|AC  0|TAMS 0x0000000706100000, 0x0000000706100000|
|  97|0x0000000706100000, 0x0000000706200000, 0x0000000706200000|100%| O|  |TS  0|AC  0|TAMS 0x0000000706200000, 0x0000000706200000|
|  98|0x0000000706200000, 0x0000000706300000, 0x0000000706300000|100%|HS|  |TS  0|AC  0|TAMS 0x0000000706300000, 0x0000000706300000|
|  99|0x0000000706300000, 0x0000000706400000, 0x0000000706400000|100%|HC|  |TS  0|AC  0|TAMS 0x0000000706400000, 0x0000000706400000|
| 100|0x0000000706400000, 0x0000000706500000, 0x0000000706500000|100%|HC|  |TS  0|AC  0|TAMS 0x0000000706500000, 0x0000000706500000|
| 101|0x0000000706500000, 0x0000000706600000, 0x0000000706600000|100%|HC|  |TS  0|AC  0|TAMS 0x0000000706600000, 0x0000000706600000|
| 102|0x0000000706600000, 0x0000000706700000, 0x0000000706700000|100%| O|  |TS  0|AC  0|TAMS 0x0000000706700000, 0x0000000706700000|
| 103|0x0000000706700000, 0x0000000706700000, 0x0000000706800000|  0%| F|  |TS  0|AC  0|TAMS 0x0000000706700000, 0x0000000706700000|
| 104|0x0000000706800000, 0x0000000706800000, 0x0000000706900000|  0%| F|  |TS  1|AC  0|TAMS 0x0000000706800000, 0x0000000706800000|
| 105|0x0000000706900000, 0x0000000706900000, 0x0000000706a00000|  0%| F|  |TS  1|AC  0|TAMS 0x0000000706900000, 0x0000000706900000|
| 106|0x0000000706a00000, 0x0000000706a00000, 0x0000000706b00000|  0%| F|  |TS  1|AC  0|TAMS 0x0000000706a00000, 0x0000000706a00000|
| 107|0x0000000706b00000, 0x0000000706b00000, 0x0000000706c00000|  0%| F|  |TS  0|AC  0|TAMS 0x0000000706b00000, 0x0000000706b00000|
| 108|0x0000000706c00000, 0x0000000706d00000, 0x0000000706d00000|100%| O|  |TS  0|AC  0|TAMS 0x0000000706d00000, 0x0000000706d00000|
| 109|0x0000000706d00000, 0x0000000706e00000, 0x0000000706e00000|100%| O|  |TS  0|AC  0|TAMS 0x0000000706e00000, 0x0000000706e00000|
| 110|0x0000000706e00000, 0x0000000706f00000, 0x0000000706f00000|100%| O|  |TS  0|AC  0|TAMS 0x0000000706f00000, 0x0000000706f00000|
| 111|0x0000000706f00000, 0x0000000707000000, 0x0000000707000000|100%| O|  |TS  0|AC  0|TAMS 0x0000000707000000, 0x0000000707000000|
| 112|0x0000000707000000, 0x0000000707100000, 0x0000000707100000|100%| O|  |TS  0|AC  0|TAMS 0x0000000707100000, 0x0000000707100000|
| 113|0x0000000707100000, 0x0000000707200000, 0x0000000707200000|100%| O|  |TS  0|AC  0|TAMS 0x0000000707200000, 0x0000000707200000|
| 114|0x0000000707200000, 0x0000000707300000, 0x0000000707300000|100%| O|  |TS  0|AC  0|TAMS 0x0000000707300000, 0x0000000707300000|
| 115|0x0000000707300000, 0x0000000707400000, 0x0000000707400000|100%| O|  |TS  0|AC  0|TAMS 0x0000000707400000, 0x0000000707400000|
| 116|0x0000000707400000, 0x0000000707500000, 0x0000000707500000|100%| O|  |TS  0|AC  0|TAMS 0x0000000707500000, 0x0000000707500000|
| 117|0x0000000707500000, 0x00000007075fefb0, 0x0000000707600000| 99%| S|CS|TS  1|AC  0|TAMS 0x0000000707500000, 0x0000000707500000|
| 118|0x0000000707600000, 0x0000000707700000, 0x0000000707700000|100%| S|CS|TS  1|AC  0|TAMS 0x0000000707600000, 0x0000000707600000|
| 119|0x0000000707700000, 0x0000000707700000, 0x0000000707800000|  0%| F|  |TS  1|AC  0|TAMS 0x0000000707700000, 0x0000000707700000|
| 120|0x0000000707800000, 0x0000000707800000, 0x0000000707900000|  0%| F|  |TS  1|AC  0|TAMS 0x0000000707800000, 0x0000000707800000|
| 121|0x0000000707900000, 0x0000000707900000, 0x0000000707a00000|  0%| F|  |TS  1|AC  0|TAMS 0x0000000707900000, 0x0000000707900000|
| 122|0x0000000707a00000, 0x0000000707a00000, 0x0000000707b00000|  0%| F|  |TS  1|AC  0|TAMS 0x0000000707a00000, 0x0000000707a00000|
| 123|0x0000000707b00000, 0x0000000707b00000, 0x0000000707c00000|  0%| F|  |TS  1|AC  0|TAMS 0x0000000707b00000, 0x0000000707b00000|
| 124|0x0000000707c00000, 0x0000000707c00000, 0x0000000707d00000|  0%| F|  |TS  1|AC  0|TAMS 0x0000000707c00000, 0x0000000707c00000|
| 125|0x0000000707d00000, 0x0000000707d00000, 0x0000000707e00000|  0%| F|  |TS  1|AC  0|TAMS 0x0000000707d00000, 0x0000000707d00000|
| 126|0x0000000707e00000, 0x0000000707e00000, 0x0000000707f00000|  0%| F|  |TS  1|AC  0|TAMS 0x0000000707e00000, 0x0000000707e00000|
| 127|0x0000000707f00000, 0x0000000707f00000, 0x0000000708000000|  0%| F|  |TS  1|AC  0|TAMS 0x0000000707f00000, 0x0000000707f00000|
| 128|0x0000000708000000, 0x0000000708000000, 0x0000000708100000|  0%| F|  |TS  1|AC  0|TAMS 0x0000000708000000, 0x0000000708000000|
| 129|0x0000000708100000, 0x0000000708100000, 0x0000000708200000|  0%| F|  |TS  1|AC  0|TAMS 0x0000000708100000, 0x0000000708100000|
| 130|0x0000000708200000, 0x0000000708200000, 0x0000000708300000|  0%| F|  |TS  1|AC  0|TAMS 0x0000000708200000, 0x0000000708200000|
| 131|0x0000000708300000, 0x0000000708300000, 0x0000000708400000|  0%| F|  |TS  1|AC  0|TAMS 0x0000000708300000, 0x0000000708300000|
| 132|0x0000000708400000, 0x0000000708400000, 0x0000000708500000|  0%| F|  |TS  1|AC  0|TAMS 0x0000000708400000, 0x0000000708400000|
| 133|0x0000000708500000, 0x0000000708500000, 0x0000000708600000|  0%| F|  |TS  1|AC  0|TAMS 0x0000000708500000, 0x0000000708500000|
| 134|0x0000000708600000, 0x0000000708600000, 0x0000000708700000|  0%| F|  |TS  1|AC  0|TAMS 0x0000000708600000, 0x0000000708600000|
| 135|0x0000000708700000, 0x0000000708700000, 0x0000000708800000|  0%| F|  |TS  1|AC  0|TAMS 0x0000000708700000, 0x0000000708700000|
| 136|0x0000000708800000, 0x0000000708800000, 0x0000000708900000|  0%| F|  |TS  1|AC  0|TAMS 0x0000000708800000, 0x0000000708800000|
| 137|0x0000000708900000, 0x0000000708900000, 0x0000000708a00000|  0%| F|  |TS  1|AC  0|TAMS 0x0000000708900000, 0x0000000708900000|
| 138|0x0000000708a00000, 0x0000000708a00000, 0x0000000708b00000|  0%| F|  |TS  1|AC  0|TAMS 0x0000000708a00000, 0x0000000708a00000|
| 139|0x0000000708b00000, 0x0000000708b00000, 0x0000000708c00000|  0%| F|  |TS  1|AC  0|TAMS 0x0000000708b00000, 0x0000000708b00000|
| 140|0x0000000708c00000, 0x0000000708c00000, 0x0000000708d00000|  0%| F|  |TS  1|AC  0|TAMS 0x0000000708c00000, 0x0000000708c00000|
| 141|0x0000000708d00000, 0x0000000708d00000, 0x0000000708e00000|  0%| F|  |TS  1|AC  0|TAMS 0x0000000708d00000, 0x0000000708d00000|
| 142|0x0000000708e00000, 0x0000000708e00000, 0x0000000708f00000|  0%| F|  |TS  1|AC  0|TAMS 0x0000000708e00000, 0x0000000708e00000|
| 143|0x0000000708f00000, 0x0000000708f00000, 0x0000000709000000|  0%| F|  |TS  1|AC  0|TAMS 0x0000000708f00000, 0x0000000708f00000|
| 144|0x0000000709000000, 0x0000000709000000, 0x0000000709100000|  0%| F|  |TS  1|AC  0|TAMS 0x0000000709000000, 0x0000000709000000|
| 145|0x0000000709100000, 0x0000000709100000, 0x0000000709200000|  0%| F|  |TS  1|AC  0|TAMS 0x0000000709100000, 0x0000000709100000|
| 146|0x0000000709200000, 0x0000000709200000, 0x0000000709300000|  0%| F|  |TS  1|AC  0|TAMS 0x0000000709200000, 0x0000000709200000|
| 147|0x0000000709300000, 0x0000000709300000, 0x0000000709400000|  0%| F|  |TS  1|AC  0|TAMS 0x0000000709300000, 0x0000000709300000|
| 148|0x0000000709400000, 0x0000000709400000, 0x0000000709500000|  0%| F|  |TS  1|AC  0|TAMS 0x0000000709400000, 0x0000000709400000|
| 149|0x0000000709500000, 0x0000000709500000, 0x0000000709600000|  0%| F|  |TS  1|AC  0|TAMS 0x0000000709500000, 0x0000000709500000|
| 150|0x0000000709600000, 0x0000000709600000, 0x0000000709700000|  0%| F|  |TS  1|AC  0|TAMS 0x0000000709600000, 0x0000000709600000|
| 151|0x0000000709700000, 0x0000000709700000, 0x0000000709800000|  0%| F|  |TS  1|AC  0|TAMS 0x0000000709700000, 0x0000000709700000|
| 152|0x0000000709800000, 0x0000000709800000, 0x0000000709900000|  0%| F|  |TS  1|AC  0|TAMS 0x0000000709800000, 0x0000000709800000|
| 153|0x0000000709900000, 0x0000000709900000, 0x0000000709a00000|  0%| F|  |TS  1|AC  0|TAMS 0x0000000709900000, 0x0000000709900000|
| 154|0x0000000709a00000, 0x0000000709a00000, 0x0000000709b00000|  0%| F|  |TS  1|AC  0|TAMS 0x0000000709a00000, 0x0000000709a00000|
| 155|0x0000000709b00000, 0x0000000709b00000, 0x0000000709c00000|  0%| F|  |TS  1|AC  0|TAMS 0x0000000709b00000, 0x0000000709b00000|
| 156|0x0000000709c00000, 0x0000000709c00000, 0x0000000709d00000|  0%| F|  |TS  1|AC  0|TAMS 0x0000000709c00000, 0x0000000709c00000|
| 157|0x0000000709d00000, 0x0000000709d00000, 0x0000000709e00000|  0%| F|  |TS  1|AC  0|TAMS 0x0000000709d00000, 0x0000000709d00000|
| 158|0x0000000709e00000, 0x0000000709e00000, 0x0000000709f00000|  0%| F|  |TS  1|AC  0|TAMS 0x0000000709e00000, 0x0000000709e00000|
| 159|0x0000000709f00000, 0x0000000709fcff38, 0x000000070a000000| 81%| E|  |TS  1|AC  0|TAMS 0x0000000709f00000, 0x0000000709f00000|
| 160|0x000000070a000000, 0x000000070a100000, 0x000000070a100000|100%| E|CS|TS  1|AC  0|TAMS 0x000000070a000000, 0x000000070a000000|
| 161|0x000000070a100000, 0x000000070a200000, 0x000000070a200000|100%| E|CS|TS  1|AC  0|TAMS 0x000000070a100000, 0x000000070a100000|
| 162|0x000000070a200000, 0x000000070a300000, 0x000000070a300000|100%| E|CS|TS  1|AC  0|TAMS 0x000000070a200000, 0x000000070a200000|
| 163|0x000000070a300000, 0x000000070a400000, 0x000000070a400000|100%| E|CS|TS  1|AC  0|TAMS 0x000000070a300000, 0x000000070a300000|
| 164|0x000000070a400000, 0x000000070a500000, 0x000000070a500000|100%| E|CS|TS  1|AC  0|TAMS 0x000000070a400000, 0x000000070a400000|
| 165|0x000000070a500000, 0x000000070a600000, 0x000000070a600000|100%| E|CS|TS  1|AC  0|TAMS 0x000000070a500000, 0x000000070a500000|
| 166|0x000000070a600000, 0x000000070a700000, 0x000000070a700000|100%| E|CS|TS  1|AC  0|TAMS 0x000000070a600000, 0x000000070a600000|
| 167|0x000000070a700000, 0x000000070a800000, 0x000000070a800000|100%| E|CS|TS  1|AC  0|TAMS 0x000000070a700000, 0x000000070a700000|
| 168|0x000000070a800000, 0x000000070a900000, 0x000000070a900000|100%| E|CS|TS  1|AC  0|TAMS 0x000000070a800000, 0x000000070a800000|
| 169|0x000000070a900000, 0x000000070aa00000, 0x000000070aa00000|100%| E|CS|TS  1|AC  0|TAMS 0x000000070a900000, 0x000000070a900000|
| 170|0x000000070aa00000, 0x000000070ab00000, 0x000000070ab00000|100%| E|CS|TS  1|AC  0|TAMS 0x000000070aa00000, 0x000000070aa00000|
| 171|0x000000070ab00000, 0x000000070ac00000, 0x000000070ac00000|100%| O|  |TS  0|AC  0|TAMS 0x000000070ac00000, 0x000000070ac00000|
| 172|0x000000070ac00000, 0x000000070ad00000, 0x000000070ad00000|100%| E|CS|TS  1|AC  0|TAMS 0x000000070ac00000, 0x000000070ac00000|
| 173|0x000000070ad00000, 0x000000070ae00000, 0x000000070ae00000|100%| O|  |TS  0|AC  0|TAMS 0x000000070ae00000, 0x000000070ae00000|
| 174|0x000000070ae00000, 0x000000070af00000, 0x000000070af00000|100%| E|CS|TS  1|AC  0|TAMS 0x000000070ae00000, 0x000000070ae00000|
| 175|0x000000070af00000, 0x000000070b000000, 0x000000070b000000|100%| O|  |TS  0|AC  0|TAMS 0x000000070b000000, 0x000000070b000000|
| 176|0x000000070b000000, 0x000000070b100000, 0x000000070b100000|100%| E|CS|TS  1|AC  0|TAMS 0x000000070b000000, 0x000000070b000000|
| 177|0x000000070b100000, 0x000000070b200000, 0x000000070b200000|100%| O|  |TS  0|AC  0|TAMS 0x000000070b200000, 0x000000070b200000|
| 178|0x000000070b200000, 0x000000070b300000, 0x000000070b300000|100%| O|  |TS  0|AC  0|TAMS 0x000000070b300000, 0x000000070b300000|
| 179|0x000000070b300000, 0x000000070b400000, 0x000000070b400000|100%| O|  |TS  0|AC  0|TAMS 0x000000070b400000, 0x000000070b400000|
| 180|0x000000070b400000, 0x000000070b448e00, 0x000000070b500000| 28%| O|  |TS  1|AC  0|TAMS 0x000000070b448e00, 0x000000070b448e00|
| 181|0x000000070b500000, 0x000000070b600000, 0x000000070b600000|100%| E|CS|TS  1|AC  0|TAMS 0x000000070b500000, 0x000000070b500000|
| 182|0x000000070b600000, 0x000000070b700000, 0x000000070b700000|100%| E|CS|TS  1|AC  0|TAMS 0x000000070b600000, 0x000000070b600000|

Card table byte_map: [0x000002430c090000,0x000002430c690000] byte_map_base: 0x0000024308890000

Marking Bits (Prev, Next): (CMBitMap*) 0x0000024309283060, (CMBitMap*) 0x0000024309283098
 Prev Bits: [0x0000024324f70000, 0x0000024327f70000)
 Next Bits: [0x0000024327f70000, 0x000002432af70000)

Polling page: 0x00000243009d0000

CodeHeap 'non-profiled nmethods': size=120000Kb used=18038Kb max_used=18969Kb free=101961Kb
 bounds [0x000002431da40000, 0x000002431ecd0000, 0x0000024324f70000]
CodeHeap 'profiled nmethods': size=120000Kb used=37129Kb max_used=39117Kb free=82870Kb
 bounds [0x0000024316510000, 0x0000024318bb0000, 0x000002431da40000]
CodeHeap 'non-nmethods': size=5760Kb used=1834Kb max_used=1893Kb free=3925Kb
 bounds [0x0000024315f70000, 0x00000243161e0000, 0x0000024316510000]
 total_blobs=29986 nmethods=15524 adapters=1205
 compilation: enabled

Compilation events (10 events):
Event: 11225.323 Thread 0x000002430529e800 nmethod 20545 0x000002431db07390 code [0x000002431db07540, 0x000002431db076b8]
Event: 11225.329 Thread 0x000002430529d800 nmethod 20544 0x000002431db53910 code [0x000002431db53bc0, 0x000002431db54b10]
Event: 11226.107 Thread 0x000002430529e800 20546       3       ui.utils.o.A::eHy (27 bytes)
Event: 11226.107 Thread 0x000002430529e800 nmethod 20546 0x0000024316629b90 code [0x0000024316629d60, 0x000002431662a158]
Event: 11226.136 Thread 0x000002430aa76800 20547       4       sun.awt.WeakIdentityHashMap::get (19 bytes)
Event: 11226.145 Thread 0x000002430aa76800 nmethod 20547 0x000002431dc85f10 code [0x000002431dc86100, 0x000002431dc86c00]
Event: 11228.699 Thread 0x000002430aa76000 20548       4       javax.swing.SwingUtilities::getRoot (36 bytes)
Event: 11228.700 Thread 0x000002430529e800 20549       3       sun.awt.im.ExecutableInputMethodManager::setInputContext (17 bytes)
Event: 11228.700 Thread 0x000002430529e800 nmethod 20549 0x00000243165b8d90 code [0x00000243165b8f40, 0x00000243165b9178]
Event: 11228.700 Thread 0x000002430aa76000 nmethod 20548 0x000002431db07010 code [0x000002431db071a0, 0x000002431db07298]

GC Heap History (10 events):
Event: 10840.970 GC heap before
{Heap before GC invocations=174 (full 7):
 garbage-first heap   total 187392K, used 181204K [0x0000000700000000, 0x00000007001005b8, 0x00000007c0000000)
  region size 1024K, 60 young (61440K), 2 survivors (2048K)
 Metaspace       used 88261K, capacity 92137K, committed 93744K, reserved 1130496K
  class space    used 12547K, capacity 13263K, committed 13616K, reserved 1048576K
}
Event: 10840.973 GC heap after
{Heap after GC invocations=175 (full 7):
 garbage-first heap   total 187392K, used 121864K [0x0000000700000000, 0x00000007001005b8, 0x00000007c0000000)
  region size 1024K, 2 young (2048K), 2 survivors (2048K)
 Metaspace       used 88261K, capacity 92137K, committed 93744K, reserved 1130496K
  class space    used 12547K, capacity 13263K, committed 13616K, reserved 1048576K
}
Event: 10936.734 GC heap before
{Heap before GC invocations=175 (full 7):
 garbage-first heap   total 187392K, used 181256K [0x0000000700000000, 0x00000007001005b8, 0x00000007c0000000)
  region size 1024K, 60 young (61440K), 2 survivors (2048K)
 Metaspace       used 88262K, capacity 92137K, committed 93744K, reserved 1130496K
  class space    used 12547K, capacity 13263K, committed 13616K, reserved 1048576K
}
Event: 10936.737 GC heap after
{Heap after GC invocations=176 (full 7):
 garbage-first heap   total 187392K, used 121957K [0x0000000700000000, 0x00000007001005b8, 0x00000007c0000000)
  region size 1024K, 3 young (3072K), 3 survivors (3072K)
 Metaspace       used 88262K, capacity 92137K, committed 93744K, reserved 1130496K
  class space    used 12547K, capacity 13263K, committed 13616K, reserved 1048576K
}
Event: 11031.105 GC heap before
{Heap before GC invocations=177 (full 7):
 garbage-first heap   total 187392K, used 180325K [0x0000000700000000, 0x00000007001005b8, 0x00000007c0000000)
  region size 1024K, 60 young (61440K), 3 survivors (3072K)
 Metaspace       used 88262K, capacity 92137K, committed 93744K, reserved 1130496K
  class space    used 12547K, capacity 13263K, committed 13616K, reserved 1048576K
}
Event: 11031.107 GC heap after
{Heap after GC invocations=178 (full 7):
 garbage-first heap   total 187392K, used 121921K [0x0000000700000000, 0x00000007001005b8, 0x00000007c0000000)
  region size 1024K, 2 young (2048K), 2 survivors (2048K)
 Metaspace       used 88262K, capacity 92137K, committed 93744K, reserved 1130496K
  class space    used 12547K, capacity 13263K, committed 13616K, reserved 1048576K
}
Event: 11125.512 GC heap before
{Heap before GC invocations=178 (full 7):
 garbage-first heap   total 187392K, used 181313K [0x0000000700000000, 0x00000007001005b8, 0x00000007c0000000)
  region size 1024K, 60 young (61440K), 2 survivors (2048K)
 Metaspace       used 88262K, capacity 92137K, committed 93744K, reserved 1130496K
  class space    used 12547K, capacity 13263K, committed 13616K, reserved 1048576K
}
Event: 11125.515 GC heap after
{Heap after GC invocations=179 (full 7):
 garbage-first heap   total 187392K, used 121957K [0x0000000700000000, 0x00000007001005b8, 0x00000007c0000000)
  region size 1024K, 3 young (3072K), 3 survivors (3072K)
 Metaspace       used 88262K, capacity 92137K, committed 93744K, reserved 1130496K
  class space    used 12547K, capacity 13263K, committed 13616K, reserved 1048576K
}
Event: 11219.169 GC heap before
{Heap before GC invocations=180 (full 7):
 garbage-first heap   total 187392K, used 180325K [0x0000000700000000, 0x00000007001005b8, 0x00000007c0000000)
  region size 1024K, 60 young (61440K), 3 survivors (3072K)
 Metaspace       used 88262K, capacity 92137K, committed 93744K, reserved 1130496K
  class space    used 12547K, capacity 13263K, committed 13616K, reserved 1048576K
}
Event: 11219.171 GC heap after
{Heap after GC invocations=181 (full 7):
 garbage-first heap   total 187392K, used 121918K [0x0000000700000000, 0x00000007001005b8, 0x00000007c0000000)
  region size 1024K, 2 young (2048K), 2 survivors (2048K)
 Metaspace       used 88262K, capacity 92137K, committed 93744K, reserved 1130496K
  class space    used 12547K, capacity 13263K, committed 13616K, reserved 1048576K
}

Deoptimization events (10 events):
Event: 11224.325 Thread 0x000002432eee9000 Uncommon trap: reason=bimorphic_or_optimized_type_check action=maybe_recompile pc=0x000002431ec6e648 method=com.jidesoft.grid.TreeExpandablePanel.paintBackground(Ljava/awt/Graphics;)V @ 30 c2
Event: 11224.326 Thread 0x000002432eee9000 Uncommon trap: reason=bimorphic_or_optimized_type_check action=maybe_recompile pc=0x000002431ec6e648 method=com.jidesoft.grid.TreeExpandablePanel.paintBackground(Ljava/awt/Graphics;)V @ 30 c2
Event: 11225.286 Thread 0x000002432eee9000 Uncommon trap: reason=bimorphic_or_optimized_type_check action=maybe_recompile pc=0x000002431ea822cc method=javax.swing.text.html.parser.DocumentParser.handleStartTag(Ljavax/swing/text/html/parser/TagElement;)V @ 174 c2
Event: 11225.286 Thread 0x000002432eee9000 Uncommon trap: reason=bimorphic_or_optimized_type_check action=maybe_recompile pc=0x000002431ea822cc method=javax.swing.text.html.parser.DocumentParser.handleStartTag(Ljavax/swing/text/html/parser/TagElement;)V @ 174 c2
Event: 11225.286 Thread 0x000002432eee9000 Uncommon trap: reason=bimorphic_or_optimized_type_check action=maybe_recompile pc=0x000002431e3ff21c method=javax.swing.text.html.parser.DocumentParser.handleEndTag(Ljavax/swing/text/html/parser/TagElement;)V @ 139 c2
Event: 11225.286 Thread 0x000002432eee9000 Uncommon trap: reason=bimorphic_or_optimized_type_check action=maybe_recompile pc=0x000002431ea822cc method=javax.swing.text.html.parser.DocumentParser.handleStartTag(Ljavax/swing/text/html/parser/TagElement;)V @ 174 c2
Event: 11225.286 Thread 0x000002432eee9000 Uncommon trap: reason=bimorphic_or_optimized_type_check action=maybe_recompile pc=0x000002431ea8360c method=javax.swing.text.html.parser.DocumentParser.handleText([C)V @ 61 c2
Event: 11225.286 Thread 0x000002432eee9000 Uncommon trap: reason=bimorphic_or_optimized_type_check action=maybe_recompile pc=0x000002431ea8360c method=javax.swing.text.html.parser.DocumentParser.handleText([C)V @ 61 c2
Event: 11225.286 Thread 0x000002432eee9000 Uncommon trap: reason=bimorphic_or_optimized_type_check action=maybe_recompile pc=0x000002431e43f240 method=javax.swing.text.html.parser.DocumentParser.parse(Ljava/io/Reader;Ljavax/swing/text/html/HTMLEditorKit$ParserCallback;Z)V @ 20 c2
Event: 11225.427 Thread 0x000002432eee9000 Uncommon trap: reason=unstable_if action=reinterpret pc=0x000002431ecb8df4 method=ui.utils.o.A.eHy()Z @ 9 c2

Classes redefined (0 events):
No events

Internal exceptions (10 events):
Event: 10636.759 Thread 0x000002432eee9000 Implicit null exception at 0x000002431dccfdff to 0x000002431dcd01d7
Event: 10636.769 Thread 0x00000243320f9800 Implicit null exception at 0x000002431df66e35 to 0x000002431df676b7
Event: 10639.745 Thread 0x000002432eee9000 Implicit null exception at 0x000002431eada999 to 0x000002431eadc02d
Event: 10639.746 Thread 0x000002432eee9000 Implicit null exception at 0x000002431ead7656 to 0x000002431ead8945
Event: 10641.255 Thread 0x000002432eee9000 Exception <a 'java/lang/NoSuchMethodError'{0x0000000707a74b18}: java.lang.invoke.DelegatingMethodHandle$Holder.reinvoke_L(Ljava/lang/Object;IIILjava/lang/Object;Ljava/lang/Object;I)Ljava/lang/Object;> (0x0000000707a74b18) thrown at [t:/workspace/hotspot/s
Event: 10648.228 Thread 0x000002432eee9000 Exception <a 'java/lang/NoSuchMethodError'{0x000000070a59a4e8}: method resolution failed> (0x000000070a59a4e8) thrown at [t:/workspace/hotspot/src/share/vm/prims/methodHandles.cpp, line 1256]
Event: 10648.229 Thread 0x000002432eee9000 Exception <a 'java/lang/NoSuchMethodError'{0x000000070a59e620}: java.lang.invoke.DelegatingMethodHandle$Holder.reinvoke_L(Ljava/lang/Object;Ljava/lang/Object;IILjava/lang/Object;Ljava/lang/Object;ILjava/lang/Object;II)Ljava/lang/Object;> (0x000000070a59e6
Event: 10648.230 Thread 0x000002432eee9000 Exception <a 'java/lang/NoSuchMethodError'{0x000000070a4119a0}: java.lang.invoke.DirectMethodHandle$Holder.invokeSpecial(Ljava/lang/Object;Ljava/lang/Object;IIILjava/lang/Object;Ljava/lang/Object;ILjava/lang/Object;II)Ljava/lang/Object;> (0x000000070a4119
Event: 10648.230 Thread 0x000002432eee9000 Exception <a 'java/lang/NoSuchMethodError'{0x000000070a4154c8}: java.lang.invoke.DelegatingMethodHandle$Holder.reinvoke_L(Ljava/lang/Object;IIILjava/lang/Object;Ljava/lang/Object;ILjava/lang/Object;II)Ljava/lang/Object;> (0x000000070a4154c8) thrown at [t:
Event: 10648.230 Thread 0x000002432eee9000 Exception <a 'java/lang/NoSuchMethodError'{0x000000070a433788}: method resolution failed> (0x000000070a433788) thrown at [t:/workspace/hotspot/src/share/vm/prims/methodHandles.cpp, line 1256]

Events (10 events):
Event: 11226.320 Thread 0x00000243320f9800 Thread exited: 0x00000243320f9800
Event: 11226.331 Thread 0x00000243320fa000 Thread exited: 0x00000243320fa000
Event: 11227.307 Thread 0x00000243320f9800 Thread added: 0x00000243320f9800
Event: 11227.307 Thread 0x00000243320fa000 Thread added: 0x00000243320fa000
Event: 11227.311 Thread 0x00000243320f9800 Thread exited: 0x00000243320f9800
Event: 11227.314 Thread 0x00000243320fa000 Thread exited: 0x00000243320fa000
Event: 11228.308 Thread 0x00000243320f5000 Thread added: 0x00000243320f5000
Event: 11228.308 Thread 0x00000243320fb800 Thread added: 0x00000243320fb800
Event: 11228.311 Thread 0x00000243320f5000 Thread exited: 0x00000243320f5000
Event: 11228.313 Thread 0x00000243320fb800 Thread exited: 0x00000243320fb800


Dynamic libraries:
0x00007ff656980000 - 0x00007ff6569b0000 	C:\Xilinx\Vivado\2019.1\bin\unwrapped\win64.o\vivado.exe
0x00007ffcdfe10000 - 0x00007ffce0005000 	C:\WINDOWS\SYSTEM32\ntdll.dll
0x00007ffcdde70000 - 0x00007ffcddf2d000 	C:\WINDOWS\System32\KERNEL32.DLL
0x00007ffcdd9f0000 - 0x00007ffcddcb8000 	C:\WINDOWS\System32\KERNELBASE.dll
0x00007ffcddd70000 - 0x00007ffcdde70000 	C:\WINDOWS\System32\ucrtbase.dll
0x00007ffca5e00000 - 0x00007ffca5e9d000 	C:\WINDOWS\SYSTEM32\MSVCP140.dll
0x00007ffca8ee0000 - 0x00007ffca8ef4000 	C:\Xilinx\Vivado\2019.1\lib\win64.o\libboost_signals.dll
0x00007ffc968d0000 - 0x00007ffc977b2000 	C:\Xilinx\Vivado\2019.1\lib\win64.o\librdi_common.dll
0x00007ffcd90b0000 - 0x00007ffcd90c4000 	C:\Xilinx\Vivado\2019.1\lib\win64.o\librdi_commonmain.dll
0x00007ffcaae00000 - 0x00007ffcaae17000 	C:\WINDOWS\SYSTEM32\VCRUNTIME140.dll
0x00007ffcde710000 - 0x00007ffcde8b0000 	C:\WINDOWS\System32\USER32.dll
0x00007ffcdd8f0000 - 0x00007ffcdd912000 	C:\WINDOWS\System32\win32u.dll
0x00007ffcdfda0000 - 0x00007ffcdfdca000 	C:\WINDOWS\System32\GDI32.dll
0x00007ffcdd550000 - 0x00007ffcdd65b000 	C:\WINDOWS\System32\gdi32full.dll
0x00007ffcdd920000 - 0x00007ffcdd9bd000 	C:\WINDOWS\System32\msvcp_win.dll
0x00007ffcdea30000 - 0x00007ffcdeadc000 	C:\WINDOWS\System32\ADVAPI32.dll
0x00007ffc96310000 - 0x00007ffc9667e000 	C:\Xilinx\Vivado\2019.1\lib\win64.o\libCOIN-all.dll
0x00007ffca8820000 - 0x00007ffca8834000 	C:\Xilinx\Vivado\2019.1\lib\win64.o\libboost_date_time.dll
0x00007ffcdf990000 - 0x00007ffcdfa2e000 	C:\WINDOWS\System32\msvcrt.dll
0x00007ffcdfa30000 - 0x00007ffcdfacb000 	C:\WINDOWS\System32\sechost.dll
0x00007ffcddf30000 - 0x00007ffcde05b000 	C:\WINDOWS\System32\RPCRT4.dll
0x00007ffca8840000 - 0x00007ffca8866000 	C:\Xilinx\Vivado\2019.1\lib\win64.o\libboost_filesystem.dll
0x00007ffcdeae0000 - 0x00007ffcdf222000 	C:\WINDOWS\System32\SHELL32.dll
0x00007ffca5d80000 - 0x00007ffca5dff000 	C:\Xilinx\Vivado\2019.1\lib\win64.o\libboost_program_options.dll
0x00007ffc96680000 - 0x00007ffc96794000 	C:\Xilinx\Vivado\2019.1\lib\win64.o\libboost_regex.dll
0x00007ffcdae00000 - 0x00007ffcdae0a000 	C:\Xilinx\Vivado\2019.1\lib\win64.o\librdi_commonversion.dll
0x00007ffc967a0000 - 0x00007ffc968c1000 	C:\Xilinx\Vivado\2019.1\lib\win64.o\librdi_commonxillic.dll
0x00007ffccbfb0000 - 0x00007ffccbfbb000 	C:\Xilinx\Vivado\2019.1\lib\win64.o\libboost_system.dll
0x0000000052b40000 - 0x0000000052c6b000 	C:\Xilinx\Vivado\2019.1\lib\win64.o\tcl85t.dll
0x00007ffca8630000 - 0x00007ffca8651000 	C:\Xilinx\Vivado\2019.1\lib\win64.o\libboost_thread.dll
0x00007ffcde120000 - 0x00007ffcde18b000 	C:\WINDOWS\System32\WS2_32.dll
0x00007ffccb6f0000 - 0x00007ffccb6ff000 	C:\Xilinx\Vivado\2019.1\lib\win64.o\libboost_xilinx.dll
0x00007ffc94250000 - 0x00007ffc942d2000 	C:\Xilinx\Vivado\2019.1\lib\win64.o\libhdlpsolve.dll
0x00007ffc941a0000 - 0x00007ffc94245000 	C:\Xilinx\Vivado\2019.1\lib\win64.o\libhdxml.dll
0x00007ffc935f0000 - 0x00007ffc9419f400 	C:\Xilinx\Vivado\2019.1\lib\win64.o\libisl_iostreams.dll
0x00007ffca8600000 - 0x00007ffca862e000 	C:\Xilinx\Vivado\2019.1\lib\win64.o\libisl_sysinfo.dll
0x00007ffc949d0000 - 0x00007ffc94a35000 	C:\Xilinx\Vivado\2019.1\lib\win64.o\liblmx6.0.dll
0x00007ffca85e0000 - 0x00007ffca85fa000 	C:\Xilinx\Vivado\2019.1\lib\win64.o\pthreadVC2.dll
0x00007ffca75b0000 - 0x00007ffca75cc000 	C:\Xilinx\Vivado\2019.1\lib\win64.o\librdiconfig.dll
0x00007ffca6980000 - 0x00007ffca69a1000 	C:\Xilinx\Vivado\2019.1\lib\win64.o\librdizlib.dll
0x0000000012000000 - 0x0000000012270000 	C:\Xilinx\Vivado\2019.1\lib\win64.o\xerces-c_3_1.dll
0x00007ffcc3c30000 - 0x00007ffcc3c48000 	C:\WINDOWS\SYSTEM32\NETAPI32.dll
0x00007ffccf700000 - 0x00007ffccfbdd000 	C:\WINDOWS\SYSTEM32\WININET.dll
0x00007ffccf540000 - 0x00007ffccf64b000 	C:\WINDOWS\SYSTEM32\WINHTTP.dll
0x00007ffcd14c0000 - 0x00007ffcd16ae000 	C:\WINDOWS\SYSTEM32\urlmon.dll
0x00007ffc962e0000 - 0x00007ffc9630e000 	C:\WINDOWS\SYSTEM32\VCOMP140.DLL
0x00007ffcd0860000 - 0x00007ffcd0869000 	C:\WINDOWS\SYSTEM32\WSOCK32.dll
0x00007ffc92750000 - 0x00007ffc935e1000 	C:\Xilinx\Vivado\2019.1\lib\win64.o\gurobi65.dll
0x00007ffc92470000 - 0x00007ffc92748000 	C:\Xilinx\Vivado\2019.1\lib\win64.o\libXil_lmgr11.dll
0x00007ffcde8c0000 - 0x00007ffcde99a000 	C:\WINDOWS\System32\COMDLG32.dll
0x00007ffcdf4b0000 - 0x00007ffcdf805000 	C:\WINDOWS\System32\combase.dll
0x00007ffcde060000 - 0x00007ffcde10e000 	C:\WINDOWS\System32\shcore.dll
0x00007ffccafe0000 - 0x00007ffccafed000 	C:\Xilinx\Vivado\2019.1\lib\win64.o\libboost_chrono.dll
0x00007ffcde6b0000 - 0x00007ffcde705000 	C:\WINDOWS\System32\SHLWAPI.dll
0x00007ffc92450000 - 0x00007ffc9246b000 	C:\Xilinx\Vivado\2019.1\lib\win64.o\libboost_iostreams.dll
0x00007ffc92420000 - 0x00007ffc92445000 	C:\Xilinx\Vivado\2019.1\lib\win64.o\libisl_iosutils.dll
0x00007ffcdf890000 - 0x00007ffcdf95d000 	C:\WINDOWS\System32\OLEAUT32.dll
0x00007ffcdfb50000 - 0x00007ffcdfc7a000 	C:\WINDOWS\System32\ole32.dll
0x00007ffcddcc0000 - 0x00007ffcddd20000 	C:\WINDOWS\System32\WINTRUST.dll
0x00007ffcdd660000 - 0x00007ffcdd7bf000 	C:\WINDOWS\System32\CRYPT32.dll
0x00007ffcd18e0000 - 0x00007ffcd1b90000 	C:\WINDOWS\SYSTEM32\iertutil.dll
0x00007ffcd8450000 - 0x00007ffcd8500000 	C:\WINDOWS\WinSxS\amd64_microsoft.windows.common-controls_6595b64144ccf1df_5.82.19041.844_none_423537bff6b9828c\COMCTL32.dll
0x00007ffcd7700000 - 0x00007ffcd771d000 	C:\WINDOWS\SYSTEM32\dhcpcsvc.DLL
0x00007ffcdcae0000 - 0x00007ffcdcaec000 	C:\WINDOWS\SYSTEM32\NETUTILS.DLL
0x00007ffcdf960000 - 0x00007ffcdf990000 	C:\WINDOWS\System32\IMM32.DLL
0x00007ffcdd140000 - 0x00007ffcdd152000 	C:\WINDOWS\SYSTEM32\MSASN1.dll
0x00007ffcdb4c0000 - 0x00007ffcdb4d2000 	C:\WINDOWS\SYSTEM32\kernel.appcore.dll
0x00007ffc91f00000 - 0x00007ffc92417000 	C:\Xilinx\Vivado\2019.1\lib\win64.o\librdi_commontasks.dll
0x00007ffcd76b0000 - 0x00007ffcd76ba000 	C:\WINDOWS\SYSTEM32\VERSION.dll
0x00007ffc91c70000 - 0x00007ffc91ef6000 	C:\Xilinx\Vivado\2019.1\lib\win64.o\librdi_sio.dll
0x0000000052110000 - 0x0000000052b35000 	C:\Xilinx\Vivado\2019.1\tps\win64\jre9.0.4\bin\server\jvm.dll
0x00007ffcde110000 - 0x00007ffcde118000 	C:\WINDOWS\System32\PSAPI.DLL
0x00007ffcdc9d0000 - 0x00007ffcdca0b000 	C:\WINDOWS\SYSTEM32\IPHLPAPI.DLL
0x00007ffcd5350000 - 0x00007ffcd5377000 	C:\WINDOWS\SYSTEM32\WINMM.dll
0x00007ffcaabf0000 - 0x00007ffcaacdf000 	C:\WINDOWS\SYSTEM32\MSVCR120.dll
0x00007ffcdcd30000 - 0x00007ffcdcd9a000 	C:\WINDOWS\SYSTEM32\MSWSOCK.DLL
0x00007ffcdb6c0000 - 0x00007ffcdbe50000 	C:\WINDOWS\SYSTEM32\windows.storage.dll
0x00007ffcdcfc0000 - 0x00007ffcdcfec000 	C:\WINDOWS\SYSTEM32\Wldp.dll
0x00007ffc8eac0000 - 0x00007ffc90f7c000 	C:\Xilinx\Vivado\2019.1\lib\win64.o\librdi_tcltasks.dll
0x00007ffc916c0000 - 0x00007ffc91851000 	C:\Xilinx\Vivado\2019.1\lib\win64.o\librdi_board.dll
0x00007ffcd4f60000 - 0x00007ffcd4fd8000 	C:\Xilinx\Vivado\2019.1\lib\win64.o\librdi_boarddep.dll
0x00007ffcd4b10000 - 0x00007ffcd4bfb000 	C:\Xilinx\Vivado\2019.1\lib\win64.o\librdi_chipscope.dll
0x00007ffca71a0000 - 0x00007ffca75a8000 	C:\Xilinx\Vivado\2019.1\lib\win64.o\librdi_bitstream.dll
0x00007ffccfff0000 - 0x00007ffcd01ad000 	C:\Xilinx\Vivado\2019.1\lib\win64.o\librdi_chipscopeimpl.dll
0x00007ffcd2370000 - 0x00007ffcd24c6000 	C:\Xilinx\Vivado\2019.1\lib\win64.o\librdi_containers.dll
0x00007ffc95c00000 - 0x00007ffc962da000 	C:\Xilinx\Vivado\2019.1\lib\win64.o\librdi_coregenipxact.dll
0x00007ffc65280000 - 0x00007ffc776ac000 	C:\Xilinx\Vivado\2019.1\lib\win64.o\librdi_device.dll
0x00007ffcb4700000 - 0x00007ffcb4a1e000 	C:\Xilinx\Vivado\2019.1\lib\win64.o\librdi_dlyest.dll
0x00007ffc8d0d0000 - 0x00007ffc8eaba000 	C:\Xilinx\Vivado\2019.1\lib\win64.o\librdi_constraints.dll
0x00007ffc871c0000 - 0x00007ffc8b203000 	C:\Xilinx\Vivado\2019.1\lib\win64.o\librdi_designutils.dll
0x00007ffccff20000 - 0x00007ffccffe4000 	C:\Xilinx\Vivado\2019.1\lib\win64.o\librdi_dsp.dll
0x00007ffc8b210000 - 0x00007ffc8d0c1000 	C:\Xilinx\Vivado\2019.1\lib\win64.o\librdi_coregen.dll
0x00007ffc95660000 - 0x00007ffc95bfa000 	C:\Xilinx\Vivado\2019.1\lib\win64.o\librdi_drc.dll
0x00007ffcaab00000 - 0x00007ffcaab65000 	C:\Xilinx\Vivado\2019.1\lib\win64.o\librdi_hdf.dll
0x00007ffcacd80000 - 0x00007ffcad063000 	C:\Xilinx\Vivado\2019.1\lib\win64.o\librdi_guitools.dll
0x00007ffc95010000 - 0x00007ffc9565d000 	C:\Xilinx\Vivado\2019.1\lib\win64.o\librdi_filemgmt.dll
0x00007ffcd2750000 - 0x00007ffcd27c3000 	C:\Xilinx\Vivado\2019.1\lib\win64.o\librdi_memoryarray.dll
0x00007ffc855e0000 - 0x00007ffc85bf5000 	C:\Xilinx\Vivado\2019.1\lib\win64.o\librdi_memdata.dll
0x00007ffcd0230000 - 0x00007ffcd027b000 	C:\Xilinx\Vivado\2019.1\lib\win64.o\librdi_pfi.dll
0x00007ffc85c00000 - 0x00007ffc871c0000 	C:\Xilinx\Vivado\2019.1\lib\win64.o\librdi_implflow.dll
0x00007ffc82240000 - 0x00007ffc828e2000 	C:\Xilinx\Vivado\2019.1\lib\win64.o\librdi_netlist.dll
0x00007ffcab220000 - 0x00007ffcab52f000 	C:\Xilinx\Vivado\2019.1\lib\win64.o\librdi_platform.dll
0x00007ffc81af0000 - 0x00007ffc8223a000 	C:\Xilinx\Vivado\2019.1\lib\win64.o\librdi_power.dll
0x00007ffc94a90000 - 0x00007ffc9500f000 	C:\Xilinx\Vivado\2019.1\lib\win64.o\librdi_project.dll
0x00007ffc7e9b0000 - 0x00007ffc7f0b9000 	C:\Xilinx\Vivado\2019.1\lib\win64.o\librdi_psta.dll
0x00007ffc7e2a0000 - 0x00007ffc7e9a6000 	C:\Xilinx\Vivado\2019.1\lib\win64.o\librdi_rsb.dll
0x00007ffccbc00000 - 0x00007ffccbcfa000 	C:\Xilinx\Vivado\2019.1\lib\win64.o\librdi_runsbase.dll
0x00007ffc94400000 - 0x00007ffc947f1000 	C:\Xilinx\Vivado\2019.1\lib\win64.o\librdi_runs.dll
0x00007ffcb4db0000 - 0x00007ffcb5006000 	C:\Xilinx\Vivado\2019.1\lib\win64.o\librdi_simdata.dll
0x00007ffc7f0c0000 - 0x00007ffc81736000 	C:\Xilinx\Vivado\2019.1\lib\win64.o\librdi_place.dll
0x00007ffcb9420000 - 0x00007ffcb9592000 	C:\Xilinx\Vivado\2019.1\lib\win64.o\librdi_advchipscopeimpl.dll
0x00007ffc828f0000 - 0x00007ffc855d6000 	C:\Xilinx\Vivado\2019.1\lib\win64.o\librdi_mig.dll
0x00007ffc7d480000 - 0x00007ffc7e291000 	C:\Xilinx\Vivado\2019.1\lib\win64.o\librdi_timing.dll
0x00007ffc91140000 - 0x00007ffc9118c000 	C:\Xilinx\Vivado\2019.1\lib\win64.o\libboost_serialization.dll
0x00007ffc62220000 - 0x00007ffc62d67000 	C:\Xilinx\Vivado\2019.1\lib\win64.o\libverific.dll
0x00007ffccfe80000 - 0x00007ffccff1e000 	C:\Xilinx\Vivado\2019.1\lib\win64.o\libise.dll
0x00007ffcaca30000 - 0x00007ffcacbcf000 	C:\Xilinx\Vivado\2019.1\lib\win64.o\librdi_hip_devdesign.dll
0x00007ffccbd30000 - 0x00007ffccbdf2000 	C:\Xilinx\Vivado\2019.1\lib\win64.o\librdi_ipconfig_readwrite.dll
0x00007ffccfd70000 - 0x00007ffccfdb3000 	C:\Xilinx\Vivado\2019.1\lib\win64.o\librdi_noc_frameworks.dll
0x00007ffc91880000 - 0x00007ffc91c65000 	C:\Xilinx\Vivado\2019.1\lib\win64.o\librdi_hip_config.dll
0x00007ffc7cf30000 - 0x00007ffc7d47e000 	C:\Xilinx\Vivado\2019.1\lib\win64.o\librdi_xdm.dll
0x00007ffcd2330000 - 0x00007ffcd2370000 	C:\Xilinx\Vivado\2019.1\lib\win64.o\librdi_wavedata_SimpleApi.dll
0x00007ffc7c930000 - 0x00007ffc7cf2c000 	C:\Xilinx\Vivado\2019.1\lib\win64.o\librdi_wavedata.dll
0x00007ffc5ddb0000 - 0x00007ffc5e009000 	C:\Xilinx\Vivado\2019.1\lib\win64.o\librdi_hsm.dll
0x00007ffcce870000 - 0x00007ffcce8af000 	C:\Xilinx\Vivado\2019.1\lib\win64.o\librdi_schedmon.dll
0x00007ffcc5610000 - 0x00007ffcc5698000 	C:\Xilinx\Vivado\2019.1\lib\win64.o\librdi_meir_core.dll
0x00007ffc7b7a0000 - 0x00007ffc7c92d000 	C:\Xilinx\Vivado\2019.1\lib\win64.o\librdi_route.dll
0x00007ffc78fe0000 - 0x00007ffc797c6000 	C:\Xilinx\Vivado\2019.1\lib\win64.o\librdi_labtools.dll

VM Arguments:
jvm_args: -Dsun.java2d.pmoffscreen=false -Dsun.java2d.xrender=false -Dsun.java2d.d3d=false -Dsun.awt.nopixfmt=true -Dsun.java2d.dpiaware=true -Dsun.java2d.uiScale.enabled=false -Xverify:none -Dswing.aatext=true -XX:-UsePerfData -Djdk.map.althashing.threshold=512 -XX:StringTableSize=4072 --add-opens=java.base/java.nio=ALL-UNNAMED --add-opens=java.desktop/sun.swing=ALL-UNNAMED --add-opens=java.desktop/javax.swing=ALL-UNNAMED --add-opens=java.desktop/javax.swing.tree=ALL-UNNAMED --add-opens=java.desktop/javax.swing.plaf.basic=ALL-UNNAMED --add-opens=java.desktop/javax.swing.plaf.synth=ALL-UNNAMED --add-opens=java.desktop/com.sun.awt=ALL-UNNAMED -XX:NewSize=60m -XX:MaxNewSize=60m -Xms128m -Xmx3072m -Xss5m 
java_command: <unknown>
java_class_path (initial): C:/Xilinx/Vivado/2019.1\lib\classes\alloy.jar;C:/Xilinx/Vivado/2019.1\lib\classes\autopilot.scelaborator.jar;C:/Xilinx/Vivado/2019.1\lib\classes\autopilot.sourceprocessor.jar;C:/Xilinx/Vivado/2019.1\lib\classes\autopilot.tbprocessor.jar;C:/Xilinx/Vivado/2019.1\lib\classes\batik-anim.jar;C:/Xilinx/Vivado/2019.1\lib\classes\batik-awt-util.jar;C:/Xilinx/Vivado/2019.1\lib\classes\batik-bridge.jar;C:/Xilinx/Vivado/2019.1\lib\classes\batik-codec.jar;C:/Xilinx/Vivado/2019.1\lib\classes\batik-css.jar;C:/Xilinx/Vivado/2019.1\lib\classes\batik-dom.jar;C:/Xilinx/Vivado/2019.1\lib\classes\batik-ext.jar;C:/Xilinx/Vivado/2019.1\lib\classes\batik-gui-util.jar;C:/Xilinx/Vivado/2019.1\lib\classes\batik-gvt.jar;C:/Xilinx/Vivado/2019.1\lib\classes\batik-parser.jar;C:/Xilinx/Vivado/2019.1\lib\classes\batik-script.jar;C:/Xilinx/Vivado/2019.1\lib\classes\batik-svg-dom.jar;C:/Xilinx/Vivado/2019.1\lib\classes\batik-swing.jar;C:/Xilinx/Vivado/2019.1\lib\classes\batik-transcoder.jar;C:/Xilinx/Vivado/2019.1\lib\classes\batik-util.jar;C:/Xilinx/Vivado/2019.1\lib\classes\batik-xml.jar;C:/Xilinx/Vivado/2019.1\lib\classes\com.google.gson_2.7.0.v20170129-0911.jar;C:/Xilinx/Vivado/2019.1\lib\classes\com.google.guava_21.0.0.v20170206-1425.jar;C:/Xilinx/Vivado/2019.1\lib\classes\com.google.inject_3.0.0.v201605172100.jar;C:/Xilinx/Vivado/2019.1\lib\classes\com.ibm.icu_4.4.2.v20110208.jar;C:/Xilinx/Vivado/2019.1\lib\classes\com.sigasi.hdt.annotations.runtime_4.3.0.201903071210.jar;C:/Xilinx/Vivado/2019.1\lib\classes\com.sigasi.hdt.blockdiagram.model_4.3.0.201903071210.jar;C:/Xilinx/Vivado/2019.1\lib\classes\com.sigasi.hdt.connection_4.3.0.201903071210.jar;C:/Xilinx/Vivado/2019.1\lib\classes\com.sigasi.hdt.dependencies.model_4.3.0.201903071210.jar;C:/Xilinx/Vivado/2019.1\lib\classes\com.sigasi.hdt.epl_4.3.0.201903071210.jar;C:/Xilinx/Vivado/2019.1\lib\classes\com.sigasi.hdt.graphics.model_4.3.0.201903071210.jar;C:/Xilinx/Vivado/2019.1\lib\classes\com.sigasi.hdt.project_4.3.0
Launcher Type: generic

Logging:
Log output configuration:
#0: stdout all=warning uptime,level,tags
#1: stderr all=off uptime,level,tags

Environment Variables:
PATH=C:/Xilinx/Vivado/2019.1/bin;C:/Xilinx/Vivado/2019.1/lib/win64.o;C:/Xilinx/Vivado/2019.1/tps/win64/jre9.0.4/bin/server;C:/Xilinx/Vivado/2019.1/tps/win64/jre9.0.4/bin;C:/Xilinx/SDK/2019.1/bin;C:/Xilinx/Vivado/2019.1/ids_lite/ISE/bin/nt64;C:/Xilinx/Vivado/2019.1/ids_lite/ISE/lib/nt64;C:\Program Files (x86)\Intel\Intel(R) Management Engine Components\iCLS\;C:\Program Files\Intel\Intel(R) Management Engine Components\iCLS\;C:\Windows\system32;C:\Windows;C:\Windows\System32\Wbem;C:\Windows\System32\WindowsPowerShell\v1.0\;C:\Program Files (x86)\Intel\Intel(R) Management Engine Components\DAL;C:\Program Files\Intel\Intel(R) Management Engine Components\DAL;C:\Program Files (x86)\Intel\Intel(R) Management Engine Components\IPT;C:\Program Files\Intel\Intel(R) Management Engine Components\IPT;C:\Program Files (x86)\NVIDIA Corporation\PhysX\Common;C:\WINDOWS\System32\OpenSSH\;C:\Program Files\MATLAB\R2019a\runtime\win64;C:\Program Files\MATLAB\R2019a\bin;C:\altera\quartus42\bin;C:\altera\quartus42\eda\sim_lib\excalibur\swift\lib\pcnt.lib;C:\OrCAD\OrCAD_16.6_Lite\tools\PSpice;C:\OrCAD\OrCAD_16.6_Lite\tools\Capture;C:\OrCAD\OrCAD_16.6_Lite\tools\bin;C:\OrCAD\OrCAD_16.6_Lite\OpenAccess\bin\win32\opt;C:\OrCAD\OrCAD_16.6_Lite\tools\fet\bin;C:\OrCAD\OrCAD_16.6_Lite\tools\pcb\bin;C:\Users\Trigem\AppData\Local\Programs\Python\Python36\Scripts\;C:\Users\Trigem\AppData\Local\Programs\Python\Python36\;C:\Users\Trigem\AppData\Local\Microsoft\WindowsApps;C:\Program Files\Bandizip\;;C:\Modeltech_5.7g\win32;C:\modeltech_6.4g\win32;C:\Program Files (x86)\ESTsoft\ALSee\x64;C:/Xilinx/Vivado/2019.1\tps\mingw\6.2.0\win64.o\nt\bin;C:/Xilinx/Vivado/2019.1\tps\mingw\6.2.0\win64.o\nt\libexec\gcc\x86_64-w64-mingw32\6.2.0;C:/Xilinx/Vivado/2019.1\tps\win64\python-2.7.5;C:/Xilinx/Vivado/2019.1\tps\win64\python-2.7.5\lib;C:/Xilinx/Vivado/2019.1\tps\win64\python-2.7.5\Lib\lib-tk;C:/Xilinx/Vivado/2019.1\tps\win64\python-2.7.5\lib\site-packages
USERNAME=Trigem
OS=Windows_NT
PROCESSOR_IDENTIFIER=Intel64 Family 6 Model 158 Stepping 10, GenuineIntel



---------------  S Y S T E M  ---------------

OS: Windows 10 , 64 bit Build 19041 (10.0.19041.928)

CPU:total 12 (initial active 12) (6 cores per cpu, 2 threads per core) family 6 model 158 stepping 10, cmov, cx8, fxsr, mmx, sse, sse2, sse3, ssse3, sse4.1, sse4.2, popcnt, avx, avx2, aes, clmul, erms, rtm, 3dnowpref, lzcnt, ht, tsc, tscinvbit, bmi1, bmi2, adx, fma

Memory: 4k page, physical 16733008k(10200744k free), swap 19223376k(11303888k free)

vm_info: Java HotSpot(TM) 64-Bit Server VM (9.0.4+11) for windows-amd64 JRE (9.0.4+11), built on Dec 20 2017 02:18:54 by "mach5one" with MS VC++ 12.0 (VS2013)

END.
