#-----------------------------------------------------------
# Vivado v2019.1 (64-bit)
# SW Build 2552052 on Fri May 24 14:49:42 MDT 2019
# IP Build 2548770 on Fri May 24 18:01:18 MDT 2019
# Start of session at: Thu May 27 17:48:19 2021
# Process ID: 6028
# Current directory: D:/hyun/soc_proj/tetris
# Command line: vivado.exe -gui_launcher_event rodinguilauncherevent13540 D:\hyun\soc_proj\tetris\tetris.xpr
# Log file: D:/hyun/soc_proj/tetris/vivado.log
# Journal file: D:/hyun/soc_proj/tetris\vivado.jou
#-----------------------------------------------------------
start_gui
open_project D:/hyun/soc_proj/tetris/tetris.xpr
Scanning sources...
Finished scanning sources
WARNING: [filemgmt 56-3] IPUserFilesDir: Could not find the directory 'D:/hyun/soc_proj/tetris/tetris.ip_user_files'.
INFO: [IP_Flow 19-234] Refreshing IP repositories
INFO: [IP_Flow 19-1700] Loaded user IP repository 'd:/hyun/soc_proj/tetris/ip_repo'.
INFO: [IP_Flow 19-2313] Loaded Vivado IP repository 'C:/Xilinx/Vivado/2019.1/data/ip'.
open_project: Time (s): cpu = 00:00:11 ; elapsed = 00:00:06 . Memory (MB): peak = 828.473 ; gain = 187.590
update_compile_order -fileset sources_1
launch_sdk -workspace D:/hyun/soc_proj/tetris/tetris.sdk -hwspec D:/hyun/soc_proj/tetris/tetris.sdk/system_wrapper.hdf
INFO: [Vivado 12-393] Launching SDK...
INFO: [Vivado 12-417] Running xsdk -workspace D:/hyun/soc_proj/tetris/tetris.sdk -hwspec D:/hyun/soc_proj/tetris/tetris.sdk/system_wrapper.hdf
INFO: [Vivado 12-3157] SDK launch initiated. Please check console for any further messages.
exit
INFO: [Common 17-206] Exiting Vivado at Thu May 27 17:56:37 2021...
