#-----------------------------------------------------------
# Vivado v2019.1 (64-bit)
# SW Build 2552052 on Fri May 24 14:49:42 MDT 2019
# IP Build 2548770 on Fri May 24 18:01:18 MDT 2019
# Start of session at: Thu May 27 14:40:58 2021
# Process ID: 14004
# Current directory: D:/hyun/soc_proj/tetris
# Command line: vivado.exe -gui_launcher_event rodinguilauncherevent12952 D:\hyun\soc_proj\tetris\tetris.xpr
# Log file: D:/hyun/soc_proj/tetris/vivado.log
# Journal file: D:/hyun/soc_proj/tetris\vivado.jou
#-----------------------------------------------------------
start_gui
open_project D:/hyun/soc_proj/tetris/tetris.xpr
Scanning sources...
Finished scanning sources
WARNING: [filemgmt 56-3] IPUserFilesDir: Could not find the directory 'D:/hyun/soc_proj/tetris/tetris.ip_user_files'.
INFO: [IP_Flow 19-234] Refreshing IP repositories
INFO: [IP_Flow 19-1700] Loaded user IP repository 'd:/hyun/soc_proj/tetris/ip_repo'.
INFO: [IP_Flow 19-2313] Loaded Vivado IP repository 'C:/Xilinx/Vivado/2019.1/data/ip'.
open_project: Time (s): cpu = 00:00:11 ; elapsed = 00:00:06 . Memory (MB): peak = 868.547 ; gain = 187.375
update_compile_order -fileset sources_1
file mkdir D:/hyun/soc_proj/tetris/tetris.sdk
file copy -force D:/hyun/soc_proj/tetris/tetris.runs/impl_1/system_wrapper.sysdef D:/hyun/soc_proj/tetris/tetris.sdk/system_wrapper.hdf

launch_sdk -workspace D:/hyun/soc_proj/tetris/tetris.sdk -hwspec D:/hyun/soc_proj/tetris/tetris.sdk/system_wrapper.hdf
INFO: [Vivado 12-393] Launching SDK...
INFO: [Vivado 12-417] Running xsdk -workspace D:/hyun/soc_proj/tetris/tetris.sdk -hwspec D:/hyun/soc_proj/tetris/tetris.sdk/system_wrapper.hdf
INFO: [Vivado 12-3157] SDK launch initiated. Please check console for any further messages.
launch_sdk -workspace D:/hyun/soc_proj/tetris/tetris.sdk -hwspec D:/hyun/soc_proj/tetris/tetris.sdk/system_wrapper.hdf
INFO: [Vivado 12-393] Launching SDK...
INFO: [Vivado 12-417] Running xsdk -workspace D:/hyun/soc_proj/tetris/tetris.sdk -hwspec D:/hyun/soc_proj/tetris/tetris.sdk/system_wrapper.hdf
INFO: [Vivado 12-3157] SDK launch initiated. Please check console for any further messages.
launch_sdk -workspace D:/hyun/soc_proj/tetris/tetris.sdk -hwspec D:/hyun/soc_proj/tetris/tetris.sdk/system_wrapper.hdf
INFO: [Vivado 12-393] Launching SDK...
INFO: [Vivado 12-417] Running xsdk -workspace D:/hyun/soc_proj/tetris/tetris.sdk -hwspec D:/hyun/soc_proj/tetris/tetris.sdk/system_wrapper.hdf
INFO: [Vivado 12-3157] SDK launch initiated. Please check console for any further messages.
open_bd_design {D:/hyun/soc_proj/tetris/tetris.srcs/sources_1/bd/system/system.bd}
Adding component instance block -- xilinx.com:ip:processing_system7:5.5 - processing_system7_0
Adding component instance block -- xilinx.com:user:textlcd:1.0 - textlcd_0
Adding component instance block -- xilinx.com:ip:axi_interconnect:2.1 - ps7_0_axi_periph
Adding component instance block -- xilinx.com:ip:axi_crossbar:2.1 - xbar
Adding component instance block -- xilinx.com:ip:axi_protocol_converter:2.1 - auto_pc
Adding component instance block -- xilinx.com:ip:proc_sys_reset:5.0 - rst_ps7_0_50M
Adding component instance block -- xilinx.com:user:pushbutton:1.0 - pushbutton_0
Adding component instance block -- xilinx.com:user:TFTLCD_NEW:1.0 - TFTLCD_NEW_0
Adding component instance block -- xilinx.com:user:seven_seg:1.0 - seven_seg_0
WARNING: [BD 41-1731] Type mismatch between connected pins: /resetn_0(rst) and /TFTLCD_NEW_0/TFTLCD_nRESET(undef)
WARNING: [BD 41-1731] Type mismatch between connected pins: /clk_0(clk) and /textlcd_0/lcdclk(undef)
Successfully read diagram <system> from BD file <D:/hyun/soc_proj/tetris/tetris.srcs/sources_1/bd/system/system.bd>
ipx::edit_ip_in_project -upgrade true -name pushbutton_v1_0_project -directory D:/hyun/soc_proj/tetris/tetris.tmp/pushbutton_v1_0_project d:/hyun/soc_proj/tetris/ip_repo/pushbutton_1.0/component.xml
INFO: [IP_Flow 19-234] Refreshing IP repositories
INFO: [IP_Flow 19-1704] No user IP repositories specified
INFO: [IP_Flow 19-2313] Loaded Vivado IP repository 'C:/Xilinx/Vivado/2019.1/data/ip'.
INFO: [IP_Flow 19-234] Refreshing IP repositories
INFO: [IP_Flow 19-1700] Loaded user IP repository 'd:/hyun/soc_proj/tetris/ip_repo'.
INFO: [IP_Flow 19-795] Syncing license key meta-data
WARNING: [filemgmt 56-99] Vivado Synthesis ignores library specification for Verilog or SystemVerilog files. [d:/hyun/soc_proj/tetris/ip_repo/pushbutton_1.0/hdl/pushbutton_v1_0_S00_AXI.v:]
WARNING: [filemgmt 56-99] Vivado Synthesis ignores library specification for Verilog or SystemVerilog files. [d:/hyun/soc_proj/tetris/ip_repo/pushbutton_1.0/hdl/pushbutton_v1_0.v:]
update_compile_order -fileset sources_1
current_project tetris
WARNING: [IP_Flow 19-474] Invalid Parameter 'Component_Name'
