Copyright 1986-2019 Xilinx, Inc. All Rights Reserved.
--------------------------------------------------------------------------------------------------------------------------------------------------------------------------------
| Tool Version : Vivado v.2019.1 (win64) Build 2552052 Fri May 24 14:49:42 MDT 2019
| Date         : Thu Jun 10 16:22:50 2021
| Host         : DESKTOP-8KJ0KRR running 64-bit major release  (build 9200)
| Command      : report_methodology -file system_wrapper_methodology_drc_routed.rpt -pb system_wrapper_methodology_drc_routed.pb -rpx system_wrapper_methodology_drc_routed.rpx
| Design       : system_wrapper
| Device       : xc7z020clg484-1
| Speed File   : -1
| Design State : Fully Routed
--------------------------------------------------------------------------------------------------------------------------------------------------------------------------------

Report Methodology

Table of Contents
-----------------
1. REPORT SUMMARY
2. REPORT DETAILS

1. REPORT SUMMARY
-----------------
            Netlist: netlist
          Floorplan: design_1
      Design limits: <entire design considered>
             Max violations: <unlimited>
             Violations found: 119
+-----------+------------------+-------------------------------+------------+
| Rule      | Severity         | Description                   | Violations |
+-----------+------------------+-------------------------------+------------+
| TIMING-17 | Critical Warning | Non-clocked sequential cell   | 80         |
| LUTAR-1   | Warning          | LUT drives async reset alert  | 3          |
| TIMING-18 | Warning          | Missing input or output delay | 36         |
+-----------+------------------+-------------------------------+------------+

2. REPORT DETAILS
-----------------
TIMING-17#1 Critical Warning
Non-clocked sequential cell  
The clock pin system_i/TFTLCD_NEW_0/inst/TFTLCD_NEW_v1_0_S00_AXI_inst/u0/TFTLCD_Hsync_reg/C is not reached by a timing clock
Related violations: <none>

TIMING-17#2 Critical Warning
Non-clocked sequential cell  
The clock pin system_i/TFTLCD_NEW_0/inst/TFTLCD_NEW_v1_0_S00_AXI_inst/u0/TFTLCD_Vsync_reg/C is not reached by a timing clock
Related violations: <none>

TIMING-17#3 Critical Warning
Non-clocked sequential cell  
The clock pin system_i/TFTLCD_NEW_0/inst/TFTLCD_NEW_v1_0_S00_AXI_inst/u0/u1/UP_CLK_reg/C is not reached by a timing clock
Related violations: <none>

TIMING-17#4 Critical Warning
Non-clocked sequential cell  
The clock pin system_i/TFTLCD_NEW_0/inst/TFTLCD_NEW_v1_0_S00_AXI_inst/u0/u2/H_COUNT_reg[0]/C is not reached by a timing clock
Related violations: <none>

TIMING-17#5 Critical Warning
Non-clocked sequential cell  
The clock pin system_i/TFTLCD_NEW_0/inst/TFTLCD_NEW_v1_0_S00_AXI_inst/u0/u2/H_COUNT_reg[1]/C is not reached by a timing clock
Related violations: <none>

TIMING-17#6 Critical Warning
Non-clocked sequential cell  
The clock pin system_i/TFTLCD_NEW_0/inst/TFTLCD_NEW_v1_0_S00_AXI_inst/u0/u2/H_COUNT_reg[2]/C is not reached by a timing clock
Related violations: <none>

TIMING-17#7 Critical Warning
Non-clocked sequential cell  
The clock pin system_i/TFTLCD_NEW_0/inst/TFTLCD_NEW_v1_0_S00_AXI_inst/u0/u2/H_COUNT_reg[3]/C is not reached by a timing clock
Related violations: <none>

TIMING-17#8 Critical Warning
Non-clocked sequential cell  
The clock pin system_i/TFTLCD_NEW_0/inst/TFTLCD_NEW_v1_0_S00_AXI_inst/u0/u2/H_COUNT_reg[4]/C is not reached by a timing clock
Related violations: <none>

TIMING-17#9 Critical Warning
Non-clocked sequential cell  
The clock pin system_i/TFTLCD_NEW_0/inst/TFTLCD_NEW_v1_0_S00_AXI_inst/u0/u2/H_COUNT_reg[5]/C is not reached by a timing clock
Related violations: <none>

TIMING-17#10 Critical Warning
Non-clocked sequential cell  
The clock pin system_i/TFTLCD_NEW_0/inst/TFTLCD_NEW_v1_0_S00_AXI_inst/u0/u2/H_COUNT_reg[6]/C is not reached by a timing clock
Related violations: <none>

TIMING-17#11 Critical Warning
Non-clocked sequential cell  
The clock pin system_i/TFTLCD_NEW_0/inst/TFTLCD_NEW_v1_0_S00_AXI_inst/u0/u2/H_COUNT_reg[7]/C is not reached by a timing clock
Related violations: <none>

TIMING-17#12 Critical Warning
Non-clocked sequential cell  
The clock pin system_i/TFTLCD_NEW_0/inst/TFTLCD_NEW_v1_0_S00_AXI_inst/u0/u2/H_COUNT_reg[8]/C is not reached by a timing clock
Related violations: <none>

TIMING-17#13 Critical Warning
Non-clocked sequential cell  
The clock pin system_i/TFTLCD_NEW_0/inst/TFTLCD_NEW_v1_0_S00_AXI_inst/u0/u2/H_COUNT_reg[9]/C is not reached by a timing clock
Related violations: <none>

TIMING-17#14 Critical Warning
Non-clocked sequential cell  
The clock pin system_i/TFTLCD_NEW_0/inst/TFTLCD_NEW_v1_0_S00_AXI_inst/u0/u2/Hsync_reg/C is not reached by a timing clock
Related violations: <none>

TIMING-17#15 Critical Warning
Non-clocked sequential cell  
The clock pin system_i/TFTLCD_NEW_0/inst/TFTLCD_NEW_v1_0_S00_AXI_inst/u0/u2/UP_CLKa_reg/C is not reached by a timing clock
Related violations: <none>

TIMING-17#16 Critical Warning
Non-clocked sequential cell  
The clock pin system_i/TFTLCD_NEW_0/inst/TFTLCD_NEW_v1_0_S00_AXI_inst/u0/u2/hDE_reg/C is not reached by a timing clock
Related violations: <none>

TIMING-17#17 Critical Warning
Non-clocked sequential cell  
The clock pin system_i/TFTLCD_NEW_0/inst/TFTLCD_NEW_v1_0_S00_AXI_inst/u0/u3/V_COUNT_reg[0]/C is not reached by a timing clock
Related violations: <none>

TIMING-17#18 Critical Warning
Non-clocked sequential cell  
The clock pin system_i/TFTLCD_NEW_0/inst/TFTLCD_NEW_v1_0_S00_AXI_inst/u0/u3/V_COUNT_reg[1]/C is not reached by a timing clock
Related violations: <none>

TIMING-17#19 Critical Warning
Non-clocked sequential cell  
The clock pin system_i/TFTLCD_NEW_0/inst/TFTLCD_NEW_v1_0_S00_AXI_inst/u0/u3/V_COUNT_reg[2]/C is not reached by a timing clock
Related violations: <none>

TIMING-17#20 Critical Warning
Non-clocked sequential cell  
The clock pin system_i/TFTLCD_NEW_0/inst/TFTLCD_NEW_v1_0_S00_AXI_inst/u0/u3/V_COUNT_reg[3]/C is not reached by a timing clock
Related violations: <none>

TIMING-17#21 Critical Warning
Non-clocked sequential cell  
The clock pin system_i/TFTLCD_NEW_0/inst/TFTLCD_NEW_v1_0_S00_AXI_inst/u0/u3/V_COUNT_reg[4]/C is not reached by a timing clock
Related violations: <none>

TIMING-17#22 Critical Warning
Non-clocked sequential cell  
The clock pin system_i/TFTLCD_NEW_0/inst/TFTLCD_NEW_v1_0_S00_AXI_inst/u0/u3/V_COUNT_reg[5]/C is not reached by a timing clock
Related violations: <none>

TIMING-17#23 Critical Warning
Non-clocked sequential cell  
The clock pin system_i/TFTLCD_NEW_0/inst/TFTLCD_NEW_v1_0_S00_AXI_inst/u0/u3/V_COUNT_reg[6]/C is not reached by a timing clock
Related violations: <none>

TIMING-17#24 Critical Warning
Non-clocked sequential cell  
The clock pin system_i/TFTLCD_NEW_0/inst/TFTLCD_NEW_v1_0_S00_AXI_inst/u0/u3/V_COUNT_reg[7]/C is not reached by a timing clock
Related violations: <none>

TIMING-17#25 Critical Warning
Non-clocked sequential cell  
The clock pin system_i/TFTLCD_NEW_0/inst/TFTLCD_NEW_v1_0_S00_AXI_inst/u0/u3/V_COUNT_reg[8]/C is not reached by a timing clock
Related violations: <none>

TIMING-17#26 Critical Warning
Non-clocked sequential cell  
The clock pin system_i/TFTLCD_NEW_0/inst/TFTLCD_NEW_v1_0_S00_AXI_inst/u0/u3/Vsync_reg/C is not reached by a timing clock
Related violations: <none>

TIMING-17#27 Critical Warning
Non-clocked sequential cell  
The clock pin system_i/TFTLCD_NEW_0/inst/TFTLCD_NEW_v1_0_S00_AXI_inst/u0/u3/vDE_reg/C is not reached by a timing clock
Related violations: <none>

TIMING-17#28 Critical Warning
Non-clocked sequential cell  
The clock pin system_i/seven_seg_0/inst/seven_seg_v1_0_S00_AXI_inst/seven_seg_u1/clk_cnt_reg[0]/C is not reached by a timing clock
Related violations: <none>

TIMING-17#29 Critical Warning
Non-clocked sequential cell  
The clock pin system_i/seven_seg_0/inst/seven_seg_v1_0_S00_AXI_inst/seven_seg_u1/clk_cnt_reg[10]/C is not reached by a timing clock
Related violations: <none>

TIMING-17#30 Critical Warning
Non-clocked sequential cell  
The clock pin system_i/seven_seg_0/inst/seven_seg_v1_0_S00_AXI_inst/seven_seg_u1/clk_cnt_reg[11]/C is not reached by a timing clock
Related violations: <none>

TIMING-17#31 Critical Warning
Non-clocked sequential cell  
The clock pin system_i/seven_seg_0/inst/seven_seg_v1_0_S00_AXI_inst/seven_seg_u1/clk_cnt_reg[12]/C is not reached by a timing clock
Related violations: <none>

TIMING-17#32 Critical Warning
Non-clocked sequential cell  
The clock pin system_i/seven_seg_0/inst/seven_seg_v1_0_S00_AXI_inst/seven_seg_u1/clk_cnt_reg[13]/C is not reached by a timing clock
Related violations: <none>

TIMING-17#33 Critical Warning
Non-clocked sequential cell  
The clock pin system_i/seven_seg_0/inst/seven_seg_v1_0_S00_AXI_inst/seven_seg_u1/clk_cnt_reg[14]/C is not reached by a timing clock
Related violations: <none>

TIMING-17#34 Critical Warning
Non-clocked sequential cell  
The clock pin system_i/seven_seg_0/inst/seven_seg_v1_0_S00_AXI_inst/seven_seg_u1/clk_cnt_reg[1]/C is not reached by a timing clock
Related violations: <none>

TIMING-17#35 Critical Warning
Non-clocked sequential cell  
The clock pin system_i/seven_seg_0/inst/seven_seg_v1_0_S00_AXI_inst/seven_seg_u1/clk_cnt_reg[2]/C is not reached by a timing clock
Related violations: <none>

TIMING-17#36 Critical Warning
Non-clocked sequential cell  
The clock pin system_i/seven_seg_0/inst/seven_seg_v1_0_S00_AXI_inst/seven_seg_u1/clk_cnt_reg[3]/C is not reached by a timing clock
Related violations: <none>

TIMING-17#37 Critical Warning
Non-clocked sequential cell  
The clock pin system_i/seven_seg_0/inst/seven_seg_v1_0_S00_AXI_inst/seven_seg_u1/clk_cnt_reg[4]/C is not reached by a timing clock
Related violations: <none>

TIMING-17#38 Critical Warning
Non-clocked sequential cell  
The clock pin system_i/seven_seg_0/inst/seven_seg_v1_0_S00_AXI_inst/seven_seg_u1/clk_cnt_reg[5]/C is not reached by a timing clock
Related violations: <none>

TIMING-17#39 Critical Warning
Non-clocked sequential cell  
The clock pin system_i/seven_seg_0/inst/seven_seg_v1_0_S00_AXI_inst/seven_seg_u1/clk_cnt_reg[6]/C is not reached by a timing clock
Related violations: <none>

TIMING-17#40 Critical Warning
Non-clocked sequential cell  
The clock pin system_i/seven_seg_0/inst/seven_seg_v1_0_S00_AXI_inst/seven_seg_u1/clk_cnt_reg[7]/C is not reached by a timing clock
Related violations: <none>

TIMING-17#41 Critical Warning
Non-clocked sequential cell  
The clock pin system_i/seven_seg_0/inst/seven_seg_v1_0_S00_AXI_inst/seven_seg_u1/clk_cnt_reg[8]/C is not reached by a timing clock
Related violations: <none>

TIMING-17#42 Critical Warning
Non-clocked sequential cell  
The clock pin system_i/seven_seg_0/inst/seven_seg_v1_0_S00_AXI_inst/seven_seg_u1/clk_cnt_reg[9]/C is not reached by a timing clock
Related violations: <none>

TIMING-17#43 Critical Warning
Non-clocked sequential cell  
The clock pin system_i/seven_seg_0/inst/seven_seg_v1_0_S00_AXI_inst/seven_seg_u1/seg_en_reg[0]/C is not reached by a timing clock
Related violations: <none>

TIMING-17#44 Critical Warning
Non-clocked sequential cell  
The clock pin system_i/seven_seg_0/inst/seven_seg_v1_0_S00_AXI_inst/seven_seg_u1/seg_en_reg[0]_lopt_replica/C is not reached by a timing clock
Related violations: <none>

TIMING-17#45 Critical Warning
Non-clocked sequential cell  
The clock pin system_i/seven_seg_0/inst/seven_seg_v1_0_S00_AXI_inst/seven_seg_u1/seg_en_reg[1]/C is not reached by a timing clock
Related violations: <none>

TIMING-17#46 Critical Warning
Non-clocked sequential cell  
The clock pin system_i/seven_seg_0/inst/seven_seg_v1_0_S00_AXI_inst/seven_seg_u1/seg_en_reg[1]_lopt_replica/C is not reached by a timing clock
Related violations: <none>

TIMING-17#47 Critical Warning
Non-clocked sequential cell  
The clock pin system_i/seven_seg_0/inst/seven_seg_v1_0_S00_AXI_inst/seven_seg_u1/seg_en_reg[2]/C is not reached by a timing clock
Related violations: <none>

TIMING-17#48 Critical Warning
Non-clocked sequential cell  
The clock pin system_i/seven_seg_0/inst/seven_seg_v1_0_S00_AXI_inst/seven_seg_u1/seg_en_reg[2]_lopt_replica/C is not reached by a timing clock
Related violations: <none>

TIMING-17#49 Critical Warning
Non-clocked sequential cell  
The clock pin system_i/seven_seg_0/inst/seven_seg_v1_0_S00_AXI_inst/seven_seg_u1/seg_en_reg[3]/C is not reached by a timing clock
Related violations: <none>

TIMING-17#50 Critical Warning
Non-clocked sequential cell  
The clock pin system_i/seven_seg_0/inst/seven_seg_v1_0_S00_AXI_inst/seven_seg_u1/seg_en_reg[3]_lopt_replica/C is not reached by a timing clock
Related violations: <none>

TIMING-17#51 Critical Warning
Non-clocked sequential cell  
The clock pin system_i/seven_seg_0/inst/seven_seg_v1_0_S00_AXI_inst/seven_seg_u1/seg_en_reg[4]/C is not reached by a timing clock
Related violations: <none>

TIMING-17#52 Critical Warning
Non-clocked sequential cell  
The clock pin system_i/seven_seg_0/inst/seven_seg_v1_0_S00_AXI_inst/seven_seg_u1/seg_en_reg[4]_lopt_replica/C is not reached by a timing clock
Related violations: <none>

TIMING-17#53 Critical Warning
Non-clocked sequential cell  
The clock pin system_i/seven_seg_0/inst/seven_seg_v1_0_S00_AXI_inst/seven_seg_u1/seg_en_reg[5]/C is not reached by a timing clock
Related violations: <none>

TIMING-17#54 Critical Warning
Non-clocked sequential cell  
The clock pin system_i/seven_seg_0/inst/seven_seg_v1_0_S00_AXI_inst/seven_seg_u1/seg_en_reg[5]_lopt_replica/C is not reached by a timing clock
Related violations: <none>

TIMING-17#55 Critical Warning
Non-clocked sequential cell  
The clock pin system_i/seven_seg_0/inst/seven_seg_v1_0_S00_AXI_inst/seven_seg_u1/seg_en_reg[6]/C is not reached by a timing clock
Related violations: <none>

TIMING-17#56 Critical Warning
Non-clocked sequential cell  
The clock pin system_i/seven_seg_0/inst/seven_seg_v1_0_S00_AXI_inst/seven_seg_u1/seg_en_reg[6]_lopt_replica/C is not reached by a timing clock
Related violations: <none>

TIMING-17#57 Critical Warning
Non-clocked sequential cell  
The clock pin system_i/seven_seg_0/inst/seven_seg_v1_0_S00_AXI_inst/seven_seg_u1/seg_en_reg[7]/C is not reached by a timing clock
Related violations: <none>

TIMING-17#58 Critical Warning
Non-clocked sequential cell  
The clock pin system_i/seven_seg_0/inst/seven_seg_v1_0_S00_AXI_inst/seven_seg_u1/seg_en_reg[7]_lopt_replica/C is not reached by a timing clock
Related violations: <none>

TIMING-17#59 Critical Warning
Non-clocked sequential cell  
The clock pin system_i/textlcd_0/inst/textlcd_v1_0_S00_AXI_inst/textlcd_u0/count_lcdclk_reg[0]/C is not reached by a timing clock
Related violations: <none>

TIMING-17#60 Critical Warning
Non-clocked sequential cell  
The clock pin system_i/textlcd_0/inst/textlcd_v1_0_S00_AXI_inst/textlcd_u0/count_lcdclk_reg[10]/C is not reached by a timing clock
Related violations: <none>

TIMING-17#61 Critical Warning
Non-clocked sequential cell  
The clock pin system_i/textlcd_0/inst/textlcd_v1_0_S00_AXI_inst/textlcd_u0/count_lcdclk_reg[1]/C is not reached by a timing clock
Related violations: <none>

TIMING-17#62 Critical Warning
Non-clocked sequential cell  
The clock pin system_i/textlcd_0/inst/textlcd_v1_0_S00_AXI_inst/textlcd_u0/count_lcdclk_reg[2]/C is not reached by a timing clock
Related violations: <none>

TIMING-17#63 Critical Warning
Non-clocked sequential cell  
The clock pin system_i/textlcd_0/inst/textlcd_v1_0_S00_AXI_inst/textlcd_u0/count_lcdclk_reg[3]/C is not reached by a timing clock
Related violations: <none>

TIMING-17#64 Critical Warning
Non-clocked sequential cell  
The clock pin system_i/textlcd_0/inst/textlcd_v1_0_S00_AXI_inst/textlcd_u0/count_lcdclk_reg[4]/C is not reached by a timing clock
Related violations: <none>

TIMING-17#65 Critical Warning
Non-clocked sequential cell  
The clock pin system_i/textlcd_0/inst/textlcd_v1_0_S00_AXI_inst/textlcd_u0/count_lcdclk_reg[5]/C is not reached by a timing clock
Related violations: <none>

TIMING-17#66 Critical Warning
Non-clocked sequential cell  
The clock pin system_i/textlcd_0/inst/textlcd_v1_0_S00_AXI_inst/textlcd_u0/count_lcdclk_reg[6]/C is not reached by a timing clock
Related violations: <none>

TIMING-17#67 Critical Warning
Non-clocked sequential cell  
The clock pin system_i/textlcd_0/inst/textlcd_v1_0_S00_AXI_inst/textlcd_u0/count_lcdclk_reg[7]/C is not reached by a timing clock
Related violations: <none>

TIMING-17#68 Critical Warning
Non-clocked sequential cell  
The clock pin system_i/textlcd_0/inst/textlcd_v1_0_S00_AXI_inst/textlcd_u0/count_lcdclk_reg[8]/C is not reached by a timing clock
Related violations: <none>

TIMING-17#69 Critical Warning
Non-clocked sequential cell  
The clock pin system_i/textlcd_0/inst/textlcd_v1_0_S00_AXI_inst/textlcd_u0/count_lcdclk_reg[9]/C is not reached by a timing clock
Related violations: <none>

TIMING-17#70 Critical Warning
Non-clocked sequential cell  
The clock pin system_i/textlcd_0/inst/textlcd_v1_0_S00_AXI_inst/textlcd_u0/count_mode_reg[0]/C is not reached by a timing clock
Related violations: <none>

TIMING-17#71 Critical Warning
Non-clocked sequential cell  
The clock pin system_i/textlcd_0/inst/textlcd_v1_0_S00_AXI_inst/textlcd_u0/count_mode_reg[1]/C is not reached by a timing clock
Related violations: <none>

TIMING-17#72 Critical Warning
Non-clocked sequential cell  
The clock pin system_i/textlcd_0/inst/textlcd_v1_0_S00_AXI_inst/textlcd_u0/count_mode_reg[2]/C is not reached by a timing clock
Related violations: <none>

TIMING-17#73 Critical Warning
Non-clocked sequential cell  
The clock pin system_i/textlcd_0/inst/textlcd_v1_0_S00_AXI_inst/textlcd_u0/count_mode_reg[3]/C is not reached by a timing clock
Related violations: <none>

TIMING-17#74 Critical Warning
Non-clocked sequential cell  
The clock pin system_i/textlcd_0/inst/textlcd_v1_0_S00_AXI_inst/textlcd_u0/count_mode_reg[4]/C is not reached by a timing clock
Related violations: <none>

TIMING-17#75 Critical Warning
Non-clocked sequential cell  
The clock pin system_i/textlcd_0/inst/textlcd_v1_0_S00_AXI_inst/textlcd_u0/count_mode_reg[5]/C is not reached by a timing clock
Related violations: <none>

TIMING-17#76 Critical Warning
Non-clocked sequential cell  
The clock pin system_i/textlcd_0/inst/textlcd_v1_0_S00_AXI_inst/textlcd_u0/lcd_en_reg/C is not reached by a timing clock
Related violations: <none>

TIMING-17#77 Critical Warning
Non-clocked sequential cell  
The clock pin system_i/textlcd_0/inst/textlcd_v1_0_S00_AXI_inst/textlcd_u0/lcd_mode_reg[0]/C is not reached by a timing clock
Related violations: <none>

TIMING-17#78 Critical Warning
Non-clocked sequential cell  
The clock pin system_i/textlcd_0/inst/textlcd_v1_0_S00_AXI_inst/textlcd_u0/lcd_mode_reg[1]/C is not reached by a timing clock
Related violations: <none>

TIMING-17#79 Critical Warning
Non-clocked sequential cell  
The clock pin system_i/textlcd_0/inst/textlcd_v1_0_S00_AXI_inst/textlcd_u0/lcd_mode_reg[2]/C is not reached by a timing clock
Related violations: <none>

TIMING-17#80 Critical Warning
Non-clocked sequential cell  
The clock pin system_i/textlcd_0/inst/textlcd_v1_0_S00_AXI_inst/textlcd_u0/lcd_mode_reg[3]/C is not reached by a timing clock
Related violations: <none>

LUTAR-1#1 Warning
LUT drives async reset alert  
LUT cell system_i/TFTLCD_NEW_0/inst/TFTLCD_NEW_v1_0_S00_AXI_inst/u0/u2/hDE_i_1, with 2 or more inputs, drives asynchronous preset/clear pin(s) system_i/TFTLCD_NEW_0/inst/TFTLCD_NEW_v1_0_S00_AXI_inst/u0/TFTLCD_Hsync_reg/CLR, system_i/TFTLCD_NEW_0/inst/TFTLCD_NEW_v1_0_S00_AXI_inst/u0/TFTLCD_Vsync_reg/CLR, system_i/TFTLCD_NEW_0/inst/TFTLCD_NEW_v1_0_S00_AXI_inst/u0/u1/UP_CLK_reg/CLR, system_i/TFTLCD_NEW_0/inst/TFTLCD_NEW_v1_0_S00_AXI_inst/u0/u3/V_COUNT_reg[0]/CLR, system_i/TFTLCD_NEW_0/inst/TFTLCD_NEW_v1_0_S00_AXI_inst/u0/u3/V_COUNT_reg[1]/CLR, system_i/TFTLCD_NEW_0/inst/TFTLCD_NEW_v1_0_S00_AXI_inst/u0/u3/V_COUNT_reg[2]/CLR, system_i/TFTLCD_NEW_0/inst/TFTLCD_NEW_v1_0_S00_AXI_inst/u0/u3/V_COUNT_reg[3]/CLR, system_i/TFTLCD_NEW_0/inst/TFTLCD_NEW_v1_0_S00_AXI_inst/u0/u3/V_COUNT_reg[4]/CLR, system_i/TFTLCD_NEW_0/inst/TFTLCD_NEW_v1_0_S00_AXI_inst/u0/u3/V_COUNT_reg[5]/CLR, system_i/TFTLCD_NEW_0/inst/TFTLCD_NEW_v1_0_S00_AXI_inst/u0/u3/V_COUNT_reg[6]/CLR, system_i/TFTLCD_NEW_0/inst/TFTLCD_NEW_v1_0_S00_AXI_inst/u0/u3/V_COUNT_reg[7]/CLR, system_i/TFTLCD_NEW_0/inst/TFTLCD_NEW_v1_0_S00_AXI_inst/u0/u3/V_COUNT_reg[8]/CLR, system_i/TFTLCD_NEW_0/inst/TFTLCD_NEW_v1_0_S00_AXI_inst/u0/u3/Vsync_reg/CLR, system_i/TFTLCD_NEW_0/inst/TFTLCD_NEW_v1_0_S00_AXI_inst/u0/u3/vDE_reg/CLR, system_i/TFTLCD_NEW_0/inst/TFTLCD_NEW_v1_0_S00_AXI_inst/u0/u2/H_COUNT_reg[0]/CLR (the first 15 of 27 listed). The LUT may glitch and trigger an unexpected reset, even if it is a properly timed path.
Related violations: <none>

LUTAR-1#2 Warning
LUT drives async reset alert  
LUT cell system_i/seven_seg_0/inst/seven_seg_v1_0_S00_AXI_inst/seven_seg_u1/seg_en[7]_i_3, with 2 or more inputs, drives asynchronous preset/clear pin(s) system_i/seven_seg_0/inst/seven_seg_v1_0_S00_AXI_inst/seven_seg_u1/clk_cnt_reg[0]/CLR, system_i/seven_seg_0/inst/seven_seg_v1_0_S00_AXI_inst/seven_seg_u1/clk_cnt_reg[10]/CLR, system_i/seven_seg_0/inst/seven_seg_v1_0_S00_AXI_inst/seven_seg_u1/clk_cnt_reg[11]/CLR, system_i/seven_seg_0/inst/seven_seg_v1_0_S00_AXI_inst/seven_seg_u1/clk_cnt_reg[12]/CLR, system_i/seven_seg_0/inst/seven_seg_v1_0_S00_AXI_inst/seven_seg_u1/clk_cnt_reg[13]/CLR, system_i/seven_seg_0/inst/seven_seg_v1_0_S00_AXI_inst/seven_seg_u1/clk_cnt_reg[14]/CLR, system_i/seven_seg_0/inst/seven_seg_v1_0_S00_AXI_inst/seven_seg_u1/clk_cnt_reg[1]/CLR, system_i/seven_seg_0/inst/seven_seg_v1_0_S00_AXI_inst/seven_seg_u1/clk_cnt_reg[2]/CLR, system_i/seven_seg_0/inst/seven_seg_v1_0_S00_AXI_inst/seven_seg_u1/clk_cnt_reg[3]/CLR, system_i/seven_seg_0/inst/seven_seg_v1_0_S00_AXI_inst/seven_seg_u1/clk_cnt_reg[4]/CLR, system_i/seven_seg_0/inst/seven_seg_v1_0_S00_AXI_inst/seven_seg_u1/clk_cnt_reg[5]/CLR, system_i/seven_seg_0/inst/seven_seg_v1_0_S00_AXI_inst/seven_seg_u1/clk_cnt_reg[6]/CLR, system_i/seven_seg_0/inst/seven_seg_v1_0_S00_AXI_inst/seven_seg_u1/clk_cnt_reg[7]/CLR, system_i/seven_seg_0/inst/seven_seg_v1_0_S00_AXI_inst/seven_seg_u1/clk_cnt_reg[8]/CLR, system_i/seven_seg_0/inst/seven_seg_v1_0_S00_AXI_inst/seven_seg_u1/clk_cnt_reg[9]/CLR (the first 15 of 31 listed). The LUT may glitch and trigger an unexpected reset, even if it is a properly timed path.
Related violations: <none>

LUTAR-1#3 Warning
LUT drives async reset alert  
LUT cell system_i/textlcd_0/inst/textlcd_v1_0_S00_AXI_inst/textlcd_u0/lcd_en_i_3, with 2 or more inputs, drives asynchronous preset/clear pin(s) system_i/textlcd_0/inst/textlcd_v1_0_S00_AXI_inst/textlcd_u0/count_lcdclk_reg[0]/CLR, system_i/textlcd_0/inst/textlcd_v1_0_S00_AXI_inst/textlcd_u0/count_lcdclk_reg[10]/CLR, system_i/textlcd_0/inst/textlcd_v1_0_S00_AXI_inst/textlcd_u0/count_lcdclk_reg[1]/CLR, system_i/textlcd_0/inst/textlcd_v1_0_S00_AXI_inst/textlcd_u0/count_lcdclk_reg[2]/CLR, system_i/textlcd_0/inst/textlcd_v1_0_S00_AXI_inst/textlcd_u0/count_lcdclk_reg[3]/CLR, system_i/textlcd_0/inst/textlcd_v1_0_S00_AXI_inst/textlcd_u0/count_lcdclk_reg[4]/CLR, system_i/textlcd_0/inst/textlcd_v1_0_S00_AXI_inst/textlcd_u0/count_lcdclk_reg[5]/CLR, system_i/textlcd_0/inst/textlcd_v1_0_S00_AXI_inst/textlcd_u0/count_lcdclk_reg[6]/CLR, system_i/textlcd_0/inst/textlcd_v1_0_S00_AXI_inst/textlcd_u0/count_lcdclk_reg[7]/CLR, system_i/textlcd_0/inst/textlcd_v1_0_S00_AXI_inst/textlcd_u0/count_lcdclk_reg[8]/CLR, system_i/textlcd_0/inst/textlcd_v1_0_S00_AXI_inst/textlcd_u0/count_lcdclk_reg[9]/CLR, system_i/textlcd_0/inst/textlcd_v1_0_S00_AXI_inst/textlcd_u0/count_mode_reg[0]/CLR, system_i/textlcd_0/inst/textlcd_v1_0_S00_AXI_inst/textlcd_u0/count_mode_reg[1]/CLR, system_i/textlcd_0/inst/textlcd_v1_0_S00_AXI_inst/textlcd_u0/count_mode_reg[2]/CLR, system_i/textlcd_0/inst/textlcd_v1_0_S00_AXI_inst/textlcd_u0/count_mode_reg[3]/CLR (the first 15 of 22 listed). The LUT may glitch and trigger an unexpected reset, even if it is a properly timed path.
Related violations: <none>

TIMING-18#1 Warning
Missing input or output delay  
An input delay is missing on pb_0[0] relative to clock(s) clk_fpga_0
Related violations: <none>

TIMING-18#2 Warning
Missing input or output delay  
An input delay is missing on pb_0[1] relative to clock(s) clk_fpga_0
Related violations: <none>

TIMING-18#3 Warning
Missing input or output delay  
An input delay is missing on pb_0[2] relative to clock(s) clk_fpga_0
Related violations: <none>

TIMING-18#4 Warning
Missing input or output delay  
An input delay is missing on pb_0[3] relative to clock(s) clk_fpga_0
Related violations: <none>

TIMING-18#5 Warning
Missing input or output delay  
An output delay is missing on TFTLCD_B_0[3] relative to clock(s) clk_fpga_0
Related violations: <none>

TIMING-18#6 Warning
Missing input or output delay  
An output delay is missing on TFTLCD_B_0[4] relative to clock(s) clk_fpga_0
Related violations: <none>

TIMING-18#7 Warning
Missing input or output delay  
An output delay is missing on TFTLCD_B_0[5] relative to clock(s) clk_fpga_0
Related violations: <none>

TIMING-18#8 Warning
Missing input or output delay  
An output delay is missing on TFTLCD_B_0[6] relative to clock(s) clk_fpga_0
Related violations: <none>

TIMING-18#9 Warning
Missing input or output delay  
An output delay is missing on TFTLCD_B_0[7] relative to clock(s) clk_fpga_0
Related violations: <none>

TIMING-18#10 Warning
Missing input or output delay  
An output delay is missing on TFTLCD_G_0[2] relative to clock(s) clk_fpga_0
Related violations: <none>

TIMING-18#11 Warning
Missing input or output delay  
An output delay is missing on TFTLCD_G_0[3] relative to clock(s) clk_fpga_0
Related violations: <none>

TIMING-18#12 Warning
Missing input or output delay  
An output delay is missing on TFTLCD_G_0[4] relative to clock(s) clk_fpga_0
Related violations: <none>

TIMING-18#13 Warning
Missing input or output delay  
An output delay is missing on TFTLCD_G_0[5] relative to clock(s) clk_fpga_0
Related violations: <none>

TIMING-18#14 Warning
Missing input or output delay  
An output delay is missing on TFTLCD_G_0[6] relative to clock(s) clk_fpga_0
Related violations: <none>

TIMING-18#15 Warning
Missing input or output delay  
An output delay is missing on TFTLCD_G_0[7] relative to clock(s) clk_fpga_0
Related violations: <none>

TIMING-18#16 Warning
Missing input or output delay  
An output delay is missing on TFTLCD_R_0[3] relative to clock(s) clk_fpga_0
Related violations: <none>

TIMING-18#17 Warning
Missing input or output delay  
An output delay is missing on TFTLCD_R_0[4] relative to clock(s) clk_fpga_0
Related violations: <none>

TIMING-18#18 Warning
Missing input or output delay  
An output delay is missing on TFTLCD_R_0[5] relative to clock(s) clk_fpga_0
Related violations: <none>

TIMING-18#19 Warning
Missing input or output delay  
An output delay is missing on TFTLCD_R_0[6] relative to clock(s) clk_fpga_0
Related violations: <none>

TIMING-18#20 Warning
Missing input or output delay  
An output delay is missing on TFTLCD_R_0[7] relative to clock(s) clk_fpga_0
Related violations: <none>

TIMING-18#21 Warning
Missing input or output delay  
An output delay is missing on lcd_data_0[0] relative to clock(s) clk_fpga_0
Related violations: <none>

TIMING-18#22 Warning
Missing input or output delay  
An output delay is missing on lcd_data_0[1] relative to clock(s) clk_fpga_0
Related violations: <none>

TIMING-18#23 Warning
Missing input or output delay  
An output delay is missing on lcd_data_0[2] relative to clock(s) clk_fpga_0
Related violations: <none>

TIMING-18#24 Warning
Missing input or output delay  
An output delay is missing on lcd_data_0[3] relative to clock(s) clk_fpga_0
Related violations: <none>

TIMING-18#25 Warning
Missing input or output delay  
An output delay is missing on lcd_data_0[4] relative to clock(s) clk_fpga_0
Related violations: <none>

TIMING-18#26 Warning
Missing input or output delay  
An output delay is missing on lcd_data_0[5] relative to clock(s) clk_fpga_0
Related violations: <none>

TIMING-18#27 Warning
Missing input or output delay  
An output delay is missing on lcd_data_0[6] relative to clock(s) clk_fpga_0
Related violations: <none>

TIMING-18#28 Warning
Missing input or output delay  
An output delay is missing on lcd_data_0[7] relative to clock(s) clk_fpga_0
Related violations: <none>

TIMING-18#29 Warning
Missing input or output delay  
An output delay is missing on seg_data_0[0] relative to clock(s) clk_fpga_0
Related violations: <none>

TIMING-18#30 Warning
Missing input or output delay  
An output delay is missing on seg_data_0[1] relative to clock(s) clk_fpga_0
Related violations: <none>

TIMING-18#31 Warning
Missing input or output delay  
An output delay is missing on seg_data_0[2] relative to clock(s) clk_fpga_0
Related violations: <none>

TIMING-18#32 Warning
Missing input or output delay  
An output delay is missing on seg_data_0[3] relative to clock(s) clk_fpga_0
Related violations: <none>

TIMING-18#33 Warning
Missing input or output delay  
An output delay is missing on seg_data_0[4] relative to clock(s) clk_fpga_0
Related violations: <none>

TIMING-18#34 Warning
Missing input or output delay  
An output delay is missing on seg_data_0[5] relative to clock(s) clk_fpga_0
Related violations: <none>

TIMING-18#35 Warning
Missing input or output delay  
An output delay is missing on seg_data_0[6] relative to clock(s) clk_fpga_0
Related violations: <none>

TIMING-18#36 Warning
Missing input or output delay  
An output delay is missing on seg_data_0[7] relative to clock(s) clk_fpga_0
Related violations: <none>


