
*** Running vivado
    with args -log system_seven_seg_0_5.vds -m64 -product Vivado -mode batch -messageDb vivado.pb -notrace -source system_seven_seg_0_5.tcl


****** Vivado v2019.1 (64-bit)
  **** SW Build 2552052 on Fri May 24 14:49:42 MDT 2019
  **** IP Build 2548770 on Fri May 24 18:01:18 MDT 2019
    ** Copyright 1986-2019 Xilinx, Inc. All Rights Reserved.

source system_seven_seg_0_5.tcl -notrace
INFO: [IP_Flow 19-234] Refreshing IP repositories
INFO: [IP_Flow 19-1700] Loaded user IP repository 'd:/hyun/soc_proj/tetris/ip_repo'.
INFO: [IP_Flow 19-2313] Loaded Vivado IP repository 'C:/Xilinx/Vivado/2019.1/data/ip'.
Command: synth_design -top system_seven_seg_0_5 -part xc7z020clg484-1 -mode out_of_context
Starting synth_design
Attempting to get a license for feature 'Synthesis' and/or device 'xc7z020'
INFO: [Common 17-349] Got license for feature 'Synthesis' and/or device 'xc7z020'
INFO: [Device 21-403] Loading part xc7z020clg484-1
INFO: Launching helper process for spawning children vivado processes
INFO: Helper process launched with PID 14628 
---------------------------------------------------------------------------------
Starting RTL Elaboration : Time (s): cpu = 00:00:02 ; elapsed = 00:00:03 . Memory (MB): peak = 832.781 ; gain = 179.656
---------------------------------------------------------------------------------
INFO: [Synth 8-6157] synthesizing module 'system_seven_seg_0_5' [d:/hyun/soc_proj/tetris/tetris.srcs/sources_1/bd/system/ip/system_seven_seg_0_5/synth/system_seven_seg_0_5.v:57]
INFO: [Synth 8-6157] synthesizing module 'seven_seg_v1_0' [d:/hyun/soc_proj/tetris/tetris.srcs/sources_1/bd/system/ipshared/3a21/hdl/seven_seg_v1_0.v:4]
	Parameter C_S00_AXI_DATA_WIDTH bound to: 32 - type: integer 
	Parameter C_S00_AXI_ADDR_WIDTH bound to: 4 - type: integer 
INFO: [Synth 8-6157] synthesizing module 'seven_seg_v1_0_S00_AXI' [d:/hyun/soc_proj/tetris/tetris.srcs/sources_1/bd/system/ipshared/3a21/hdl/seven_seg_v1_0_S00_AXI.v:4]
	Parameter C_S_AXI_DATA_WIDTH bound to: 32 - type: integer 
	Parameter C_S_AXI_ADDR_WIDTH bound to: 4 - type: integer 
	Parameter ADDR_LSB bound to: 2 - type: integer 
	Parameter OPT_MEM_ADDR_BITS bound to: 1 - type: integer 
INFO: [Synth 8-226] default block is never used [d:/hyun/soc_proj/tetris/tetris.srcs/sources_1/bd/system/ipshared/3a21/hdl/seven_seg_v1_0_S00_AXI.v:236]
INFO: [Synth 8-226] default block is never used [d:/hyun/soc_proj/tetris/tetris.srcs/sources_1/bd/system/ipshared/3a21/hdl/seven_seg_v1_0_S00_AXI.v:377]
INFO: [Synth 8-6157] synthesizing module 'seven_seg' [d:/hyun/soc_proj/tetris/tetris.srcs/sources_1/bd/system/ipshared/3a21/src/seven_seg.v:1]
WARNING: [Synth 8-6104] Input port 'data' has an internal driver [d:/hyun/soc_proj/tetris/tetris.srcs/sources_1/bd/system/ipshared/3a21/src/seven_seg.v:17]
WARNING: [Synth 8-6104] Input port 'data' has an internal driver [d:/hyun/soc_proj/tetris/tetris.srcs/sources_1/bd/system/ipshared/3a21/src/seven_seg.v:18]
WARNING: [Synth 8-6104] Input port 'data' has an internal driver [d:/hyun/soc_proj/tetris/tetris.srcs/sources_1/bd/system/ipshared/3a21/src/seven_seg.v:19]
WARNING: [Synth 8-6104] Input port 'data' has an internal driver [d:/hyun/soc_proj/tetris/tetris.srcs/sources_1/bd/system/ipshared/3a21/src/seven_seg.v:20]
INFO: [Synth 8-6157] synthesizing module 'bin2seg' [d:/hyun/soc_proj/tetris/tetris.srcs/sources_1/bd/system/ipshared/3a21/src/bin2seg.v:1]
INFO: [Synth 8-6155] done synthesizing module 'bin2seg' (1#1) [d:/hyun/soc_proj/tetris/tetris.srcs/sources_1/bd/system/ipshared/3a21/src/bin2seg.v:1]
CRITICAL WARNING: [Synth 8-6859] multi-driven net on pin d:/hyun/soc_proj/tetris/tetris.srcs/sources_1/bd/system/ipshared/3a21/src/seven_seg.v-27.8 with 1st driver pin 'seven_seg:/data[16]' [d:/hyun/soc_proj/tetris/tetris.srcs/sources_1/bd/system/ipshared/3a21/src/seven_seg.v:27]
CRITICAL WARNING: [Synth 8-6859] multi-driven net on pin d:/hyun/soc_proj/tetris/tetris.srcs/sources_1/bd/system/ipshared/3a21/src/seven_seg.v-27.8 with 2nd driver pin 'GND' [d:/hyun/soc_proj/tetris/tetris.srcs/sources_1/bd/system/ipshared/3a21/src/seven_seg.v:27]
CRITICAL WARNING: [Synth 8-6858] multi-driven net d:/hyun/soc_proj/tetris/tetris.srcs/sources_1/bd/system/ipshared/3a21/src/seven_seg.v-27.8 is connected to at least one constant driver which has been preserved, other driver is ignored [d:/hyun/soc_proj/tetris/tetris.srcs/sources_1/bd/system/ipshared/3a21/src/seven_seg.v:27]
CRITICAL WARNING: [Synth 8-6859] multi-driven net on pin d:/hyun/soc_proj/tetris/tetris.srcs/sources_1/bd/system/ipshared/3a21/src/seven_seg.v-27.8 with 1st driver pin 'seven_seg:/data[17]' [d:/hyun/soc_proj/tetris/tetris.srcs/sources_1/bd/system/ipshared/3a21/src/seven_seg.v:27]
CRITICAL WARNING: [Synth 8-6859] multi-driven net on pin d:/hyun/soc_proj/tetris/tetris.srcs/sources_1/bd/system/ipshared/3a21/src/seven_seg.v-27.8 with 2nd driver pin 'VCC' [d:/hyun/soc_proj/tetris/tetris.srcs/sources_1/bd/system/ipshared/3a21/src/seven_seg.v:27]
CRITICAL WARNING: [Synth 8-6858] multi-driven net d:/hyun/soc_proj/tetris/tetris.srcs/sources_1/bd/system/ipshared/3a21/src/seven_seg.v-27.8 is connected to at least one constant driver which has been preserved, other driver is ignored [d:/hyun/soc_proj/tetris/tetris.srcs/sources_1/bd/system/ipshared/3a21/src/seven_seg.v:27]
CRITICAL WARNING: [Synth 8-6859] multi-driven net on pin d:/hyun/soc_proj/tetris/tetris.srcs/sources_1/bd/system/ipshared/3a21/src/seven_seg.v-27.8 with 1st driver pin 'seven_seg:/data[18]' [d:/hyun/soc_proj/tetris/tetris.srcs/sources_1/bd/system/ipshared/3a21/src/seven_seg.v:27]
CRITICAL WARNING: [Synth 8-6859] multi-driven net on pin d:/hyun/soc_proj/tetris/tetris.srcs/sources_1/bd/system/ipshared/3a21/src/seven_seg.v-27.8 with 2nd driver pin 'VCC' [d:/hyun/soc_proj/tetris/tetris.srcs/sources_1/bd/system/ipshared/3a21/src/seven_seg.v:27]
CRITICAL WARNING: [Synth 8-6858] multi-driven net d:/hyun/soc_proj/tetris/tetris.srcs/sources_1/bd/system/ipshared/3a21/src/seven_seg.v-27.8 is connected to at least one constant driver which has been preserved, other driver is ignored [d:/hyun/soc_proj/tetris/tetris.srcs/sources_1/bd/system/ipshared/3a21/src/seven_seg.v:27]
CRITICAL WARNING: [Synth 8-6859] multi-driven net on pin d:/hyun/soc_proj/tetris/tetris.srcs/sources_1/bd/system/ipshared/3a21/src/seven_seg.v-27.8 with 1st driver pin 'seven_seg:/data[19]' [d:/hyun/soc_proj/tetris/tetris.srcs/sources_1/bd/system/ipshared/3a21/src/seven_seg.v:27]
CRITICAL WARNING: [Synth 8-6859] multi-driven net on pin d:/hyun/soc_proj/tetris/tetris.srcs/sources_1/bd/system/ipshared/3a21/src/seven_seg.v-27.8 with 2nd driver pin 'VCC' [d:/hyun/soc_proj/tetris/tetris.srcs/sources_1/bd/system/ipshared/3a21/src/seven_seg.v:27]
CRITICAL WARNING: [Synth 8-6858] multi-driven net d:/hyun/soc_proj/tetris/tetris.srcs/sources_1/bd/system/ipshared/3a21/src/seven_seg.v-27.8 is connected to at least one constant driver which has been preserved, other driver is ignored [d:/hyun/soc_proj/tetris/tetris.srcs/sources_1/bd/system/ipshared/3a21/src/seven_seg.v:27]
CRITICAL WARNING: [Synth 8-6859] multi-driven net on pin d:/hyun/soc_proj/tetris/tetris.srcs/sources_1/bd/system/ipshared/3a21/src/seven_seg.v-26.8 with 1st driver pin 'seven_seg:/data[20]' [d:/hyun/soc_proj/tetris/tetris.srcs/sources_1/bd/system/ipshared/3a21/src/seven_seg.v:26]
CRITICAL WARNING: [Synth 8-6859] multi-driven net on pin d:/hyun/soc_proj/tetris/tetris.srcs/sources_1/bd/system/ipshared/3a21/src/seven_seg.v-26.8 with 2nd driver pin 'VCC' [d:/hyun/soc_proj/tetris/tetris.srcs/sources_1/bd/system/ipshared/3a21/src/seven_seg.v:26]
CRITICAL WARNING: [Synth 8-6858] multi-driven net d:/hyun/soc_proj/tetris/tetris.srcs/sources_1/bd/system/ipshared/3a21/src/seven_seg.v-26.8 is connected to at least one constant driver which has been preserved, other driver is ignored [d:/hyun/soc_proj/tetris/tetris.srcs/sources_1/bd/system/ipshared/3a21/src/seven_seg.v:26]
CRITICAL WARNING: [Synth 8-6859] multi-driven net on pin d:/hyun/soc_proj/tetris/tetris.srcs/sources_1/bd/system/ipshared/3a21/src/seven_seg.v-26.8 with 1st driver pin 'seven_seg:/data[21]' [d:/hyun/soc_proj/tetris/tetris.srcs/sources_1/bd/system/ipshared/3a21/src/seven_seg.v:26]
CRITICAL WARNING: [Synth 8-6859] multi-driven net on pin d:/hyun/soc_proj/tetris/tetris.srcs/sources_1/bd/system/ipshared/3a21/src/seven_seg.v-26.8 with 2nd driver pin 'GND' [d:/hyun/soc_proj/tetris/tetris.srcs/sources_1/bd/system/ipshared/3a21/src/seven_seg.v:26]
CRITICAL WARNING: [Synth 8-6858] multi-driven net d:/hyun/soc_proj/tetris/tetris.srcs/sources_1/bd/system/ipshared/3a21/src/seven_seg.v-26.8 is connected to at least one constant driver which has been preserved, other driver is ignored [d:/hyun/soc_proj/tetris/tetris.srcs/sources_1/bd/system/ipshared/3a21/src/seven_seg.v:26]
CRITICAL WARNING: [Synth 8-6859] multi-driven net on pin d:/hyun/soc_proj/tetris/tetris.srcs/sources_1/bd/system/ipshared/3a21/src/seven_seg.v-26.8 with 1st driver pin 'seven_seg:/data[22]' [d:/hyun/soc_proj/tetris/tetris.srcs/sources_1/bd/system/ipshared/3a21/src/seven_seg.v:26]
CRITICAL WARNING: [Synth 8-6859] multi-driven net on pin d:/hyun/soc_proj/tetris/tetris.srcs/sources_1/bd/system/ipshared/3a21/src/seven_seg.v-26.8 with 2nd driver pin 'VCC' [d:/hyun/soc_proj/tetris/tetris.srcs/sources_1/bd/system/ipshared/3a21/src/seven_seg.v:26]
CRITICAL WARNING: [Synth 8-6858] multi-driven net d:/hyun/soc_proj/tetris/tetris.srcs/sources_1/bd/system/ipshared/3a21/src/seven_seg.v-26.8 is connected to at least one constant driver which has been preserved, other driver is ignored [d:/hyun/soc_proj/tetris/tetris.srcs/sources_1/bd/system/ipshared/3a21/src/seven_seg.v:26]
CRITICAL WARNING: [Synth 8-6859] multi-driven net on pin d:/hyun/soc_proj/tetris/tetris.srcs/sources_1/bd/system/ipshared/3a21/src/seven_seg.v-26.8 with 1st driver pin 'seven_seg:/data[23]' [d:/hyun/soc_proj/tetris/tetris.srcs/sources_1/bd/system/ipshared/3a21/src/seven_seg.v:26]
CRITICAL WARNING: [Synth 8-6859] multi-driven net on pin d:/hyun/soc_proj/tetris/tetris.srcs/sources_1/bd/system/ipshared/3a21/src/seven_seg.v-26.8 with 2nd driver pin 'VCC' [d:/hyun/soc_proj/tetris/tetris.srcs/sources_1/bd/system/ipshared/3a21/src/seven_seg.v:26]
CRITICAL WARNING: [Synth 8-6858] multi-driven net d:/hyun/soc_proj/tetris/tetris.srcs/sources_1/bd/system/ipshared/3a21/src/seven_seg.v-26.8 is connected to at least one constant driver which has been preserved, other driver is ignored [d:/hyun/soc_proj/tetris/tetris.srcs/sources_1/bd/system/ipshared/3a21/src/seven_seg.v:26]
CRITICAL WARNING: [Synth 8-6859] multi-driven net on pin d:/hyun/soc_proj/tetris/tetris.srcs/sources_1/bd/system/ipshared/3a21/src/seven_seg.v-25.8 with 1st driver pin 'seven_seg:/data[24]' [d:/hyun/soc_proj/tetris/tetris.srcs/sources_1/bd/system/ipshared/3a21/src/seven_seg.v:25]
CRITICAL WARNING: [Synth 8-6859] multi-driven net on pin d:/hyun/soc_proj/tetris/tetris.srcs/sources_1/bd/system/ipshared/3a21/src/seven_seg.v-25.8 with 2nd driver pin 'GND' [d:/hyun/soc_proj/tetris/tetris.srcs/sources_1/bd/system/ipshared/3a21/src/seven_seg.v:25]
CRITICAL WARNING: [Synth 8-6858] multi-driven net d:/hyun/soc_proj/tetris/tetris.srcs/sources_1/bd/system/ipshared/3a21/src/seven_seg.v-25.8 is connected to at least one constant driver which has been preserved, other driver is ignored [d:/hyun/soc_proj/tetris/tetris.srcs/sources_1/bd/system/ipshared/3a21/src/seven_seg.v:25]
CRITICAL WARNING: [Synth 8-6859] multi-driven net on pin d:/hyun/soc_proj/tetris/tetris.srcs/sources_1/bd/system/ipshared/3a21/src/seven_seg.v-25.8 with 1st driver pin 'seven_seg:/data[25]' [d:/hyun/soc_proj/tetris/tetris.srcs/sources_1/bd/system/ipshared/3a21/src/seven_seg.v:25]
CRITICAL WARNING: [Synth 8-6859] multi-driven net on pin d:/hyun/soc_proj/tetris/tetris.srcs/sources_1/bd/system/ipshared/3a21/src/seven_seg.v-25.8 with 2nd driver pin 'GND' [d:/hyun/soc_proj/tetris/tetris.srcs/sources_1/bd/system/ipshared/3a21/src/seven_seg.v:25]
CRITICAL WARNING: [Synth 8-6858] multi-driven net d:/hyun/soc_proj/tetris/tetris.srcs/sources_1/bd/system/ipshared/3a21/src/seven_seg.v-25.8 is connected to at least one constant driver which has been preserved, other driver is ignored [d:/hyun/soc_proj/tetris/tetris.srcs/sources_1/bd/system/ipshared/3a21/src/seven_seg.v:25]
CRITICAL WARNING: [Synth 8-6859] multi-driven net on pin d:/hyun/soc_proj/tetris/tetris.srcs/sources_1/bd/system/ipshared/3a21/src/seven_seg.v-25.8 with 1st driver pin 'seven_seg:/data[26]' [d:/hyun/soc_proj/tetris/tetris.srcs/sources_1/bd/system/ipshared/3a21/src/seven_seg.v:25]
CRITICAL WARNING: [Synth 8-6859] multi-driven net on pin d:/hyun/soc_proj/tetris/tetris.srcs/sources_1/bd/system/ipshared/3a21/src/seven_seg.v-25.8 with 2nd driver pin 'VCC' [d:/hyun/soc_proj/tetris/tetris.srcs/sources_1/bd/system/ipshared/3a21/src/seven_seg.v:25]
CRITICAL WARNING: [Synth 8-6858] multi-driven net d:/hyun/soc_proj/tetris/tetris.srcs/sources_1/bd/system/ipshared/3a21/src/seven_seg.v-25.8 is connected to at least one constant driver which has been preserved, other driver is ignored [d:/hyun/soc_proj/tetris/tetris.srcs/sources_1/bd/system/ipshared/3a21/src/seven_seg.v:25]
CRITICAL WARNING: [Synth 8-6859] multi-driven net on pin d:/hyun/soc_proj/tetris/tetris.srcs/sources_1/bd/system/ipshared/3a21/src/seven_seg.v-25.8 with 1st driver pin 'seven_seg:/data[27]' [d:/hyun/soc_proj/tetris/tetris.srcs/sources_1/bd/system/ipshared/3a21/src/seven_seg.v:25]
CRITICAL WARNING: [Synth 8-6859] multi-driven net on pin d:/hyun/soc_proj/tetris/tetris.srcs/sources_1/bd/system/ipshared/3a21/src/seven_seg.v-25.8 with 2nd driver pin 'VCC' [d:/hyun/soc_proj/tetris/tetris.srcs/sources_1/bd/system/ipshared/3a21/src/seven_seg.v:25]
CRITICAL WARNING: [Synth 8-6858] multi-driven net d:/hyun/soc_proj/tetris/tetris.srcs/sources_1/bd/system/ipshared/3a21/src/seven_seg.v-25.8 is connected to at least one constant driver which has been preserved, other driver is ignored [d:/hyun/soc_proj/tetris/tetris.srcs/sources_1/bd/system/ipshared/3a21/src/seven_seg.v:25]
CRITICAL WARNING: [Synth 8-6859] multi-driven net on pin d:/hyun/soc_proj/tetris/tetris.srcs/sources_1/bd/system/ipshared/3a21/src/seven_seg.v-24.8 with 1st driver pin 'seven_seg:/data[28]' [d:/hyun/soc_proj/tetris/tetris.srcs/sources_1/bd/system/ipshared/3a21/src/seven_seg.v:24]
CRITICAL WARNING: [Synth 8-6859] multi-driven net on pin d:/hyun/soc_proj/tetris/tetris.srcs/sources_1/bd/system/ipshared/3a21/src/seven_seg.v-24.8 with 2nd driver pin 'VCC' [d:/hyun/soc_proj/tetris/tetris.srcs/sources_1/bd/system/ipshared/3a21/src/seven_seg.v:24]
CRITICAL WARNING: [Synth 8-6858] multi-driven net d:/hyun/soc_proj/tetris/tetris.srcs/sources_1/bd/system/ipshared/3a21/src/seven_seg.v-24.8 is connected to at least one constant driver which has been preserved, other driver is ignored [d:/hyun/soc_proj/tetris/tetris.srcs/sources_1/bd/system/ipshared/3a21/src/seven_seg.v:24]
CRITICAL WARNING: [Synth 8-6859] multi-driven net on pin d:/hyun/soc_proj/tetris/tetris.srcs/sources_1/bd/system/ipshared/3a21/src/seven_seg.v-24.8 with 1st driver pin 'seven_seg:/data[29]' [d:/hyun/soc_proj/tetris/tetris.srcs/sources_1/bd/system/ipshared/3a21/src/seven_seg.v:24]
CRITICAL WARNING: [Synth 8-6859] multi-driven net on pin d:/hyun/soc_proj/tetris/tetris.srcs/sources_1/bd/system/ipshared/3a21/src/seven_seg.v-24.8 with 2nd driver pin 'VCC' [d:/hyun/soc_proj/tetris/tetris.srcs/sources_1/bd/system/ipshared/3a21/src/seven_seg.v:24]
CRITICAL WARNING: [Synth 8-6858] multi-driven net d:/hyun/soc_proj/tetris/tetris.srcs/sources_1/bd/system/ipshared/3a21/src/seven_seg.v-24.8 is connected to at least one constant driver which has been preserved, other driver is ignored [d:/hyun/soc_proj/tetris/tetris.srcs/sources_1/bd/system/ipshared/3a21/src/seven_seg.v:24]
CRITICAL WARNING: [Synth 8-6859] multi-driven net on pin d:/hyun/soc_proj/tetris/tetris.srcs/sources_1/bd/system/ipshared/3a21/src/seven_seg.v-24.8 with 1st driver pin 'seven_seg:/data[30]' [d:/hyun/soc_proj/tetris/tetris.srcs/sources_1/bd/system/ipshared/3a21/src/seven_seg.v:24]
CRITICAL WARNING: [Synth 8-6859] multi-driven net on pin d:/hyun/soc_proj/tetris/tetris.srcs/sources_1/bd/system/ipshared/3a21/src/seven_seg.v-24.8 with 2nd driver pin 'GND' [d:/hyun/soc_proj/tetris/tetris.srcs/sources_1/bd/system/ipshared/3a21/src/seven_seg.v:24]
CRITICAL WARNING: [Synth 8-6858] multi-driven net d:/hyun/soc_proj/tetris/tetris.srcs/sources_1/bd/system/ipshared/3a21/src/seven_seg.v-24.8 is connected to at least one constant driver which has been preserved, other driver is ignored [d:/hyun/soc_proj/tetris/tetris.srcs/sources_1/bd/system/ipshared/3a21/src/seven_seg.v:24]
CRITICAL WARNING: [Synth 8-6859] multi-driven net on pin d:/hyun/soc_proj/tetris/tetris.srcs/sources_1/bd/system/ipshared/3a21/src/seven_seg.v-24.8 with 1st driver pin 'seven_seg:/data[31]' [d:/hyun/soc_proj/tetris/tetris.srcs/sources_1/bd/system/ipshared/3a21/src/seven_seg.v:24]
CRITICAL WARNING: [Synth 8-6859] multi-driven net on pin d:/hyun/soc_proj/tetris/tetris.srcs/sources_1/bd/system/ipshared/3a21/src/seven_seg.v-24.8 with 2nd driver pin 'VCC' [d:/hyun/soc_proj/tetris/tetris.srcs/sources_1/bd/system/ipshared/3a21/src/seven_seg.v:24]
CRITICAL WARNING: [Synth 8-6858] multi-driven net d:/hyun/soc_proj/tetris/tetris.srcs/sources_1/bd/system/ipshared/3a21/src/seven_seg.v-24.8 is connected to at least one constant driver which has been preserved, other driver is ignored [d:/hyun/soc_proj/tetris/tetris.srcs/sources_1/bd/system/ipshared/3a21/src/seven_seg.v:24]
INFO: [Synth 8-6155] done synthesizing module 'seven_seg' (2#1) [d:/hyun/soc_proj/tetris/tetris.srcs/sources_1/bd/system/ipshared/3a21/src/seven_seg.v:1]
INFO: [Synth 8-6155] done synthesizing module 'seven_seg_v1_0_S00_AXI' (3#1) [d:/hyun/soc_proj/tetris/tetris.srcs/sources_1/bd/system/ipshared/3a21/hdl/seven_seg_v1_0_S00_AXI.v:4]
INFO: [Synth 8-6155] done synthesizing module 'seven_seg_v1_0' (4#1) [d:/hyun/soc_proj/tetris/tetris.srcs/sources_1/bd/system/ipshared/3a21/hdl/seven_seg_v1_0.v:4]
INFO: [Synth 8-6155] done synthesizing module 'system_seven_seg_0_5' (5#1) [d:/hyun/soc_proj/tetris/tetris.srcs/sources_1/bd/system/ip/system_seven_seg_0_5/synth/system_seven_seg_0_5.v:57]
WARNING: [Synth 8-3331] design seven_seg_v1_0_S00_AXI has unconnected port S_AXI_AWPROT[2]
WARNING: [Synth 8-3331] design seven_seg_v1_0_S00_AXI has unconnected port S_AXI_AWPROT[1]
WARNING: [Synth 8-3331] design seven_seg_v1_0_S00_AXI has unconnected port S_AXI_AWPROT[0]
WARNING: [Synth 8-3331] design seven_seg_v1_0_S00_AXI has unconnected port S_AXI_ARPROT[2]
WARNING: [Synth 8-3331] design seven_seg_v1_0_S00_AXI has unconnected port S_AXI_ARPROT[1]
WARNING: [Synth 8-3331] design seven_seg_v1_0_S00_AXI has unconnected port S_AXI_ARPROT[0]
---------------------------------------------------------------------------------
Finished RTL Elaboration : Time (s): cpu = 00:00:03 ; elapsed = 00:00:04 . Memory (MB): peak = 899.152 ; gain = 246.027
---------------------------------------------------------------------------------

Report Check Netlist: 
+------+------------------+-------+---------+-------+------------------+
|      |Item              |Errors |Warnings |Status |Description       |
+------+------------------+-------+---------+-------+------------------+
|1     |multi_driven_nets |      0|        0|Passed |Multi driven nets |
+------+------------------+-------+---------+-------+------------------+
---------------------------------------------------------------------------------
Start Handling Custom Attributes
---------------------------------------------------------------------------------
---------------------------------------------------------------------------------
Finished Handling Custom Attributes : Time (s): cpu = 00:00:03 ; elapsed = 00:00:04 . Memory (MB): peak = 899.152 ; gain = 246.027
---------------------------------------------------------------------------------
---------------------------------------------------------------------------------
Finished RTL Optimization Phase 1 : Time (s): cpu = 00:00:03 ; elapsed = 00:00:04 . Memory (MB): peak = 899.152 ; gain = 246.027
---------------------------------------------------------------------------------
INFO: [Project 1-570] Preparing netlist for logic optimization

Processing XDC Constraints
Initializing timing engine
Completed Processing XDC Constraints

Netlist sorting complete. Time (s): cpu = 00:00:00 ; elapsed = 00:00:00 . Memory (MB): peak = 1008.699 ; gain = 0.000
INFO: [Project 1-111] Unisim Transformation Summary:
No Unisim elements were transformed.

WARNING: [Constraints 18-5210] No constraints selected for write.
Resolution: This message can indicate that there are no constraints for the design, or it can indicate that the used_in flags are set such that the constraints are ignored. This later case is used when running synth_design to not write synthesis constraints to the resulting checkpoint. Instead, project constraints are read when the synthesized design is opened.
Constraint Validation Runtime : Time (s): cpu = 00:00:00 ; elapsed = 00:00:00.057 . Memory (MB): peak = 1010.672 ; gain = 1.973
---------------------------------------------------------------------------------
Finished Constraint Validation : Time (s): cpu = 00:00:07 ; elapsed = 00:00:08 . Memory (MB): peak = 1010.672 ; gain = 357.547
---------------------------------------------------------------------------------
---------------------------------------------------------------------------------
Start Loading Part and Timing Information
---------------------------------------------------------------------------------
Loading part: xc7z020clg484-1
---------------------------------------------------------------------------------
Finished Loading Part and Timing Information : Time (s): cpu = 00:00:07 ; elapsed = 00:00:08 . Memory (MB): peak = 1010.672 ; gain = 357.547
---------------------------------------------------------------------------------
---------------------------------------------------------------------------------
Start Applying 'set_property' XDC Constraints
---------------------------------------------------------------------------------
---------------------------------------------------------------------------------
Finished applying 'set_property' XDC Constraints : Time (s): cpu = 00:00:07 ; elapsed = 00:00:08 . Memory (MB): peak = 1010.672 ; gain = 357.547
---------------------------------------------------------------------------------
INFO: [Synth 8-5545] ROM "seg" won't be mapped to RAM because address size (32) is larger than maximum supported(25)
---------------------------------------------------------------------------------
Finished RTL Optimization Phase 2 : Time (s): cpu = 00:00:08 ; elapsed = 00:00:08 . Memory (MB): peak = 1010.672 ; gain = 357.547
---------------------------------------------------------------------------------

Report RTL Partitions: 
+-+--------------+------------+----------+
| |RTL Partition |Replication |Instances |
+-+--------------+------------+----------+
+-+--------------+------------+----------+
---------------------------------------------------------------------------------
Start RTL Component Statistics 
---------------------------------------------------------------------------------
Detailed RTL Component Info : 
+---Adders : 
	   2 Input     15 Bit       Adders := 1     
+---Registers : 
	               32 Bit    Registers := 5     
	               15 Bit    Registers := 1     
	                8 Bit    Registers := 1     
	                4 Bit    Registers := 2     
	                2 Bit    Registers := 2     
	                1 Bit    Registers := 6     
+---Muxes : 
	   2 Input     32 Bit        Muxes := 4     
	   4 Input     32 Bit        Muxes := 5     
	   2 Input     15 Bit        Muxes := 1     
	   2 Input      8 Bit        Muxes := 8     
	   2 Input      1 Bit        Muxes := 6     
---------------------------------------------------------------------------------
Finished RTL Component Statistics 
---------------------------------------------------------------------------------
---------------------------------------------------------------------------------
Start RTL Hierarchical Component Statistics 
---------------------------------------------------------------------------------
Hierarchical RTL Component report 
Module bin2seg 
Detailed RTL Component Info : 
+---Muxes : 
	   2 Input      8 Bit        Muxes := 1     
Module seven_seg 
Detailed RTL Component Info : 
+---Adders : 
	   2 Input     15 Bit       Adders := 1     
+---Registers : 
	               15 Bit    Registers := 1     
	                8 Bit    Registers := 1     
+---Muxes : 
	   2 Input     15 Bit        Muxes := 1     
	   2 Input      1 Bit        Muxes := 1     
Module seven_seg_v1_0_S00_AXI 
Detailed RTL Component Info : 
+---Registers : 
	               32 Bit    Registers := 5     
	                4 Bit    Registers := 2     
	                2 Bit    Registers := 2     
	                1 Bit    Registers := 6     
+---Muxes : 
	   2 Input     32 Bit        Muxes := 4     
	   4 Input     32 Bit        Muxes := 5     
	   2 Input      1 Bit        Muxes := 5     
---------------------------------------------------------------------------------
Finished RTL Hierarchical Component Statistics
---------------------------------------------------------------------------------
---------------------------------------------------------------------------------
Start Part Resource Summary
---------------------------------------------------------------------------------
Part Resources:
DSPs: 220 (col length:60)
BRAMs: 280 (col length: RAMB18 60 RAMB36 30)
---------------------------------------------------------------------------------
Finished Part Resource Summary
---------------------------------------------------------------------------------
---------------------------------------------------------------------------------
Start Cross Boundary and Area Optimization
---------------------------------------------------------------------------------
Warning: Parallel synthesis criteria is not met 
WARNING: [Synth 8-3331] design system_seven_seg_0_5 has unconnected port s00_axi_awprot[2]
WARNING: [Synth 8-3331] design system_seven_seg_0_5 has unconnected port s00_axi_awprot[1]
WARNING: [Synth 8-3331] design system_seven_seg_0_5 has unconnected port s00_axi_awprot[0]
WARNING: [Synth 8-3331] design system_seven_seg_0_5 has unconnected port s00_axi_arprot[2]
WARNING: [Synth 8-3331] design system_seven_seg_0_5 has unconnected port s00_axi_arprot[1]
WARNING: [Synth 8-3331] design system_seven_seg_0_5 has unconnected port s00_axi_arprot[0]
INFO: [Synth 8-3886] merging instance 'inst/seven_seg_v1_0_S00_AXI_inst/axi_rresp_reg[0]' (FDRE) to 'inst/seven_seg_v1_0_S00_AXI_inst/axi_rresp_reg[1]'
INFO: [Synth 8-3333] propagating constant 0 across sequential element (\inst/seven_seg_v1_0_S00_AXI_inst/axi_rresp_reg[1] )
INFO: [Synth 8-3886] merging instance 'inst/seven_seg_v1_0_S00_AXI_inst/axi_bresp_reg[0]' (FDRE) to 'inst/seven_seg_v1_0_S00_AXI_inst/axi_bresp_reg[1]'
INFO: [Synth 8-3333] propagating constant 0 across sequential element (\inst/seven_seg_v1_0_S00_AXI_inst/axi_bresp_reg[1] )
CRITICAL WARNING: [Synth 8-6859] multi-driven net on pin slv_reg0[31] with 1st driver pin 'inst/seven_seg_v1_0_S00_AXI_inst/slv_reg0_reg[31]/Q' [d:/hyun/soc_proj/tetris/tetris.srcs/sources_1/bd/system/ipshared/3a21/hdl/seven_seg_v1_0_S00_AXI.v:228]
CRITICAL WARNING: [Synth 8-6859] multi-driven net on pin slv_reg0[31] with 2nd driver pin 'VCC' [d:/hyun/soc_proj/tetris/tetris.srcs/sources_1/bd/system/ipshared/3a21/hdl/seven_seg_v1_0_S00_AXI.v:228]
CRITICAL WARNING: [Synth 8-6858] multi-driven net slv_reg0[31] is connected to at least one constant driver which has been preserved, other driver is ignored [d:/hyun/soc_proj/tetris/tetris.srcs/sources_1/bd/system/ipshared/3a21/hdl/seven_seg_v1_0_S00_AXI.v:228]
CRITICAL WARNING: [Synth 8-6859] multi-driven net on pin slv_reg0[30] with 1st driver pin 'inst/seven_seg_v1_0_S00_AXI_inst/slv_reg0_reg[30]/Q' [d:/hyun/soc_proj/tetris/tetris.srcs/sources_1/bd/system/ipshared/3a21/hdl/seven_seg_v1_0_S00_AXI.v:228]
CRITICAL WARNING: [Synth 8-6859] multi-driven net on pin slv_reg0[30] with 2nd driver pin 'GND' [d:/hyun/soc_proj/tetris/tetris.srcs/sources_1/bd/system/ipshared/3a21/hdl/seven_seg_v1_0_S00_AXI.v:228]
CRITICAL WARNING: [Synth 8-6858] multi-driven net slv_reg0[30] is connected to at least one constant driver which has been preserved, other driver is ignored [d:/hyun/soc_proj/tetris/tetris.srcs/sources_1/bd/system/ipshared/3a21/hdl/seven_seg_v1_0_S00_AXI.v:228]
CRITICAL WARNING: [Synth 8-6859] multi-driven net on pin slv_reg0[29] with 1st driver pin 'inst/seven_seg_v1_0_S00_AXI_inst/slv_reg0_reg[29]/Q' [d:/hyun/soc_proj/tetris/tetris.srcs/sources_1/bd/system/ipshared/3a21/hdl/seven_seg_v1_0_S00_AXI.v:228]
CRITICAL WARNING: [Synth 8-6859] multi-driven net on pin slv_reg0[29] with 2nd driver pin 'VCC' [d:/hyun/soc_proj/tetris/tetris.srcs/sources_1/bd/system/ipshared/3a21/hdl/seven_seg_v1_0_S00_AXI.v:228]
CRITICAL WARNING: [Synth 8-6858] multi-driven net slv_reg0[29] is connected to at least one constant driver which has been preserved, other driver is ignored [d:/hyun/soc_proj/tetris/tetris.srcs/sources_1/bd/system/ipshared/3a21/hdl/seven_seg_v1_0_S00_AXI.v:228]
CRITICAL WARNING: [Synth 8-6859] multi-driven net on pin slv_reg0[28] with 1st driver pin 'inst/seven_seg_v1_0_S00_AXI_inst/slv_reg0_reg[28]/Q' [d:/hyun/soc_proj/tetris/tetris.srcs/sources_1/bd/system/ipshared/3a21/hdl/seven_seg_v1_0_S00_AXI.v:228]
CRITICAL WARNING: [Synth 8-6859] multi-driven net on pin slv_reg0[28] with 2nd driver pin 'VCC' [d:/hyun/soc_proj/tetris/tetris.srcs/sources_1/bd/system/ipshared/3a21/hdl/seven_seg_v1_0_S00_AXI.v:228]
CRITICAL WARNING: [Synth 8-6858] multi-driven net slv_reg0[28] is connected to at least one constant driver which has been preserved, other driver is ignored [d:/hyun/soc_proj/tetris/tetris.srcs/sources_1/bd/system/ipshared/3a21/hdl/seven_seg_v1_0_S00_AXI.v:228]
CRITICAL WARNING: [Synth 8-6859] multi-driven net on pin slv_reg0[27] with 1st driver pin 'inst/seven_seg_v1_0_S00_AXI_inst/slv_reg0_reg[27]/Q' [d:/hyun/soc_proj/tetris/tetris.srcs/sources_1/bd/system/ipshared/3a21/hdl/seven_seg_v1_0_S00_AXI.v:228]
CRITICAL WARNING: [Synth 8-6859] multi-driven net on pin slv_reg0[27] with 2nd driver pin 'VCC' [d:/hyun/soc_proj/tetris/tetris.srcs/sources_1/bd/system/ipshared/3a21/hdl/seven_seg_v1_0_S00_AXI.v:228]
CRITICAL WARNING: [Synth 8-6858] multi-driven net slv_reg0[27] is connected to at least one constant driver which has been preserved, other driver is ignored [d:/hyun/soc_proj/tetris/tetris.srcs/sources_1/bd/system/ipshared/3a21/hdl/seven_seg_v1_0_S00_AXI.v:228]
CRITICAL WARNING: [Synth 8-6859] multi-driven net on pin slv_reg0[26] with 1st driver pin 'inst/seven_seg_v1_0_S00_AXI_inst/slv_reg0_reg[26]/Q' [d:/hyun/soc_proj/tetris/tetris.srcs/sources_1/bd/system/ipshared/3a21/hdl/seven_seg_v1_0_S00_AXI.v:228]
CRITICAL WARNING: [Synth 8-6859] multi-driven net on pin slv_reg0[26] with 2nd driver pin 'VCC' [d:/hyun/soc_proj/tetris/tetris.srcs/sources_1/bd/system/ipshared/3a21/hdl/seven_seg_v1_0_S00_AXI.v:228]
CRITICAL WARNING: [Synth 8-6858] multi-driven net slv_reg0[26] is connected to at least one constant driver which has been preserved, other driver is ignored [d:/hyun/soc_proj/tetris/tetris.srcs/sources_1/bd/system/ipshared/3a21/hdl/seven_seg_v1_0_S00_AXI.v:228]
CRITICAL WARNING: [Synth 8-6859] multi-driven net on pin slv_reg0[25] with 1st driver pin 'inst/seven_seg_v1_0_S00_AXI_inst/slv_reg0_reg[25]/Q' [d:/hyun/soc_proj/tetris/tetris.srcs/sources_1/bd/system/ipshared/3a21/hdl/seven_seg_v1_0_S00_AXI.v:228]
CRITICAL WARNING: [Synth 8-6859] multi-driven net on pin slv_reg0[25] with 2nd driver pin 'GND' [d:/hyun/soc_proj/tetris/tetris.srcs/sources_1/bd/system/ipshared/3a21/hdl/seven_seg_v1_0_S00_AXI.v:228]
CRITICAL WARNING: [Synth 8-6858] multi-driven net slv_reg0[25] is connected to at least one constant driver which has been preserved, other driver is ignored [d:/hyun/soc_proj/tetris/tetris.srcs/sources_1/bd/system/ipshared/3a21/hdl/seven_seg_v1_0_S00_AXI.v:228]
CRITICAL WARNING: [Synth 8-6859] multi-driven net on pin slv_reg0[24] with 1st driver pin 'inst/seven_seg_v1_0_S00_AXI_inst/slv_reg0_reg[24]/Q' [d:/hyun/soc_proj/tetris/tetris.srcs/sources_1/bd/system/ipshared/3a21/hdl/seven_seg_v1_0_S00_AXI.v:228]
CRITICAL WARNING: [Synth 8-6859] multi-driven net on pin slv_reg0[24] with 2nd driver pin 'GND' [d:/hyun/soc_proj/tetris/tetris.srcs/sources_1/bd/system/ipshared/3a21/hdl/seven_seg_v1_0_S00_AXI.v:228]
CRITICAL WARNING: [Synth 8-6858] multi-driven net slv_reg0[24] is connected to at least one constant driver which has been preserved, other driver is ignored [d:/hyun/soc_proj/tetris/tetris.srcs/sources_1/bd/system/ipshared/3a21/hdl/seven_seg_v1_0_S00_AXI.v:228]
CRITICAL WARNING: [Synth 8-6859] multi-driven net on pin slv_reg0[23] with 1st driver pin 'inst/seven_seg_v1_0_S00_AXI_inst/slv_reg0_reg[23]/Q' [d:/hyun/soc_proj/tetris/tetris.srcs/sources_1/bd/system/ipshared/3a21/hdl/seven_seg_v1_0_S00_AXI.v:228]
CRITICAL WARNING: [Synth 8-6859] multi-driven net on pin slv_reg0[23] with 2nd driver pin 'VCC' [d:/hyun/soc_proj/tetris/tetris.srcs/sources_1/bd/system/ipshared/3a21/hdl/seven_seg_v1_0_S00_AXI.v:228]
CRITICAL WARNING: [Synth 8-6858] multi-driven net slv_reg0[23] is connected to at least one constant driver which has been preserved, other driver is ignored [d:/hyun/soc_proj/tetris/tetris.srcs/sources_1/bd/system/ipshared/3a21/hdl/seven_seg_v1_0_S00_AXI.v:228]
CRITICAL WARNING: [Synth 8-6859] multi-driven net on pin slv_reg0[22] with 1st driver pin 'inst/seven_seg_v1_0_S00_AXI_inst/slv_reg0_reg[22]/Q' [d:/hyun/soc_proj/tetris/tetris.srcs/sources_1/bd/system/ipshared/3a21/hdl/seven_seg_v1_0_S00_AXI.v:228]
CRITICAL WARNING: [Synth 8-6859] multi-driven net on pin slv_reg0[22] with 2nd driver pin 'VCC' [d:/hyun/soc_proj/tetris/tetris.srcs/sources_1/bd/system/ipshared/3a21/hdl/seven_seg_v1_0_S00_AXI.v:228]
CRITICAL WARNING: [Synth 8-6858] multi-driven net slv_reg0[22] is connected to at least one constant driver which has been preserved, other driver is ignored [d:/hyun/soc_proj/tetris/tetris.srcs/sources_1/bd/system/ipshared/3a21/hdl/seven_seg_v1_0_S00_AXI.v:228]
CRITICAL WARNING: [Synth 8-6859] multi-driven net on pin slv_reg0[21] with 1st driver pin 'inst/seven_seg_v1_0_S00_AXI_inst/slv_reg0_reg[21]/Q' [d:/hyun/soc_proj/tetris/tetris.srcs/sources_1/bd/system/ipshared/3a21/hdl/seven_seg_v1_0_S00_AXI.v:228]
CRITICAL WARNING: [Synth 8-6859] multi-driven net on pin slv_reg0[21] with 2nd driver pin 'GND' [d:/hyun/soc_proj/tetris/tetris.srcs/sources_1/bd/system/ipshared/3a21/hdl/seven_seg_v1_0_S00_AXI.v:228]
CRITICAL WARNING: [Synth 8-6858] multi-driven net slv_reg0[21] is connected to at least one constant driver which has been preserved, other driver is ignored [d:/hyun/soc_proj/tetris/tetris.srcs/sources_1/bd/system/ipshared/3a21/hdl/seven_seg_v1_0_S00_AXI.v:228]
CRITICAL WARNING: [Synth 8-6859] multi-driven net on pin slv_reg0[20] with 1st driver pin 'inst/seven_seg_v1_0_S00_AXI_inst/slv_reg0_reg[20]/Q' [d:/hyun/soc_proj/tetris/tetris.srcs/sources_1/bd/system/ipshared/3a21/hdl/seven_seg_v1_0_S00_AXI.v:228]
CRITICAL WARNING: [Synth 8-6859] multi-driven net on pin slv_reg0[20] with 2nd driver pin 'VCC' [d:/hyun/soc_proj/tetris/tetris.srcs/sources_1/bd/system/ipshared/3a21/hdl/seven_seg_v1_0_S00_AXI.v:228]
CRITICAL WARNING: [Synth 8-6858] multi-driven net slv_reg0[20] is connected to at least one constant driver which has been preserved, other driver is ignored [d:/hyun/soc_proj/tetris/tetris.srcs/sources_1/bd/system/ipshared/3a21/hdl/seven_seg_v1_0_S00_AXI.v:228]
CRITICAL WARNING: [Synth 8-6859] multi-driven net on pin slv_reg0[19] with 1st driver pin 'inst/seven_seg_v1_0_S00_AXI_inst/slv_reg0_reg[19]/Q' [d:/hyun/soc_proj/tetris/tetris.srcs/sources_1/bd/system/ipshared/3a21/hdl/seven_seg_v1_0_S00_AXI.v:228]
CRITICAL WARNING: [Synth 8-6859] multi-driven net on pin slv_reg0[19] with 2nd driver pin 'VCC' [d:/hyun/soc_proj/tetris/tetris.srcs/sources_1/bd/system/ipshared/3a21/hdl/seven_seg_v1_0_S00_AXI.v:228]
CRITICAL WARNING: [Synth 8-6858] multi-driven net slv_reg0[19] is connected to at least one constant driver which has been preserved, other driver is ignored [d:/hyun/soc_proj/tetris/tetris.srcs/sources_1/bd/system/ipshared/3a21/hdl/seven_seg_v1_0_S00_AXI.v:228]
CRITICAL WARNING: [Synth 8-6859] multi-driven net on pin slv_reg0[18] with 1st driver pin 'inst/seven_seg_v1_0_S00_AXI_inst/slv_reg0_reg[18]/Q' [d:/hyun/soc_proj/tetris/tetris.srcs/sources_1/bd/system/ipshared/3a21/hdl/seven_seg_v1_0_S00_AXI.v:228]
CRITICAL WARNING: [Synth 8-6859] multi-driven net on pin slv_reg0[18] with 2nd driver pin 'VCC' [d:/hyun/soc_proj/tetris/tetris.srcs/sources_1/bd/system/ipshared/3a21/hdl/seven_seg_v1_0_S00_AXI.v:228]
CRITICAL WARNING: [Synth 8-6858] multi-driven net slv_reg0[18] is connected to at least one constant driver which has been preserved, other driver is ignored [d:/hyun/soc_proj/tetris/tetris.srcs/sources_1/bd/system/ipshared/3a21/hdl/seven_seg_v1_0_S00_AXI.v:228]
CRITICAL WARNING: [Synth 8-6859] multi-driven net on pin slv_reg0[17] with 1st driver pin 'inst/seven_seg_v1_0_S00_AXI_inst/slv_reg0_reg[17]/Q' [d:/hyun/soc_proj/tetris/tetris.srcs/sources_1/bd/system/ipshared/3a21/hdl/seven_seg_v1_0_S00_AXI.v:228]
CRITICAL WARNING: [Synth 8-6859] multi-driven net on pin slv_reg0[17] with 2nd driver pin 'VCC' [d:/hyun/soc_proj/tetris/tetris.srcs/sources_1/bd/system/ipshared/3a21/hdl/seven_seg_v1_0_S00_AXI.v:228]
CRITICAL WARNING: [Synth 8-6858] multi-driven net slv_reg0[17] is connected to at least one constant driver which has been preserved, other driver is ignored [d:/hyun/soc_proj/tetris/tetris.srcs/sources_1/bd/system/ipshared/3a21/hdl/seven_seg_v1_0_S00_AXI.v:228]
CRITICAL WARNING: [Synth 8-6859] multi-driven net on pin slv_reg0[16] with 1st driver pin 'inst/seven_seg_v1_0_S00_AXI_inst/slv_reg0_reg[16]/Q' [d:/hyun/soc_proj/tetris/tetris.srcs/sources_1/bd/system/ipshared/3a21/hdl/seven_seg_v1_0_S00_AXI.v:228]
CRITICAL WARNING: [Synth 8-6859] multi-driven net on pin slv_reg0[16] with 2nd driver pin 'GND' [d:/hyun/soc_proj/tetris/tetris.srcs/sources_1/bd/system/ipshared/3a21/hdl/seven_seg_v1_0_S00_AXI.v:228]
CRITICAL WARNING: [Synth 8-6858] multi-driven net slv_reg0[16] is connected to at least one constant driver which has been preserved, other driver is ignored [d:/hyun/soc_proj/tetris/tetris.srcs/sources_1/bd/system/ipshared/3a21/hdl/seven_seg_v1_0_S00_AXI.v:228]
---------------------------------------------------------------------------------
Finished Cross Boundary and Area Optimization : Time (s): cpu = 00:00:09 ; elapsed = 00:00:10 . Memory (MB): peak = 1010.672 ; gain = 357.547
---------------------------------------------------------------------------------

Report RTL Partitions: 
+-+--------------+------------+----------+
| |RTL Partition |Replication |Instances |
+-+--------------+------------+----------+
+-+--------------+------------+----------+
---------------------------------------------------------------------------------
Start Applying XDC Timing Constraints
---------------------------------------------------------------------------------
---------------------------------------------------------------------------------
Finished Applying XDC Timing Constraints : Time (s): cpu = 00:00:15 ; elapsed = 00:00:16 . Memory (MB): peak = 1010.672 ; gain = 357.547
---------------------------------------------------------------------------------
---------------------------------------------------------------------------------
Start Timing Optimization
---------------------------------------------------------------------------------
---------------------------------------------------------------------------------
Finished Timing Optimization : Time (s): cpu = 00:00:15 ; elapsed = 00:00:16 . Memory (MB): peak = 1010.672 ; gain = 357.547
---------------------------------------------------------------------------------

Report RTL Partitions: 
+-+--------------+------------+----------+
| |RTL Partition |Replication |Instances |
+-+--------------+------------+----------+
+-+--------------+------------+----------+
---------------------------------------------------------------------------------
Start Technology Mapping
---------------------------------------------------------------------------------
---------------------------------------------------------------------------------
Finished Technology Mapping : Time (s): cpu = 00:00:15 ; elapsed = 00:00:16 . Memory (MB): peak = 1010.672 ; gain = 357.547
---------------------------------------------------------------------------------

Report RTL Partitions: 
+-+--------------+------------+----------+
| |RTL Partition |Replication |Instances |
+-+--------------+------------+----------+
+-+--------------+------------+----------+
---------------------------------------------------------------------------------
Start IO Insertion
---------------------------------------------------------------------------------
---------------------------------------------------------------------------------
Start Flattening Before IO Insertion
---------------------------------------------------------------------------------
---------------------------------------------------------------------------------
Finished Flattening Before IO Insertion
---------------------------------------------------------------------------------
---------------------------------------------------------------------------------
Start Final Netlist Cleanup
---------------------------------------------------------------------------------
---------------------------------------------------------------------------------
Finished Final Netlist Cleanup
---------------------------------------------------------------------------------
---------------------------------------------------------------------------------
Finished IO Insertion : Time (s): cpu = 00:00:16 ; elapsed = 00:00:17 . Memory (MB): peak = 1024.840 ; gain = 371.715
---------------------------------------------------------------------------------

Report Check Netlist: 
+------+------------------+-------+---------+-------+------------------+
|      |Item              |Errors |Warnings |Status |Description       |
+------+------------------+-------+---------+-------+------------------+
|1     |multi_driven_nets |      0|        0|Passed |Multi driven nets |
+------+------------------+-------+---------+-------+------------------+
---------------------------------------------------------------------------------
Start Renaming Generated Instances
---------------------------------------------------------------------------------
---------------------------------------------------------------------------------
Finished Renaming Generated Instances : Time (s): cpu = 00:00:16 ; elapsed = 00:00:17 . Memory (MB): peak = 1024.840 ; gain = 371.715
---------------------------------------------------------------------------------

Report RTL Partitions: 
+-+--------------+------------+----------+
| |RTL Partition |Replication |Instances |
+-+--------------+------------+----------+
+-+--------------+------------+----------+
---------------------------------------------------------------------------------
Start Rebuilding User Hierarchy
---------------------------------------------------------------------------------
---------------------------------------------------------------------------------
Finished Rebuilding User Hierarchy : Time (s): cpu = 00:00:16 ; elapsed = 00:00:17 . Memory (MB): peak = 1024.840 ; gain = 371.715
---------------------------------------------------------------------------------
---------------------------------------------------------------------------------
Start Renaming Generated Ports
---------------------------------------------------------------------------------
---------------------------------------------------------------------------------
Finished Renaming Generated Ports : Time (s): cpu = 00:00:16 ; elapsed = 00:00:17 . Memory (MB): peak = 1024.840 ; gain = 371.715
---------------------------------------------------------------------------------
---------------------------------------------------------------------------------
Start Handling Custom Attributes
---------------------------------------------------------------------------------
---------------------------------------------------------------------------------
Finished Handling Custom Attributes : Time (s): cpu = 00:00:16 ; elapsed = 00:00:17 . Memory (MB): peak = 1024.840 ; gain = 371.715
---------------------------------------------------------------------------------
---------------------------------------------------------------------------------
Start Renaming Generated Nets
---------------------------------------------------------------------------------
---------------------------------------------------------------------------------
Finished Renaming Generated Nets : Time (s): cpu = 00:00:16 ; elapsed = 00:00:17 . Memory (MB): peak = 1024.840 ; gain = 371.715
---------------------------------------------------------------------------------
---------------------------------------------------------------------------------
Start Writing Synthesis Report
---------------------------------------------------------------------------------

Report BlackBoxes: 
+-+--------------+----------+
| |BlackBox name |Instances |
+-+--------------+----------+
+-+--------------+----------+

Report Cell Usage: 
+------+-------+------+
|      |Cell   |Count |
+------+-------+------+
|1     |CARRY4 |     4|
|2     |LUT1   |     2|
|3     |LUT2   |     2|
|4     |LUT3   |     3|
|5     |LUT4   |    30|
|6     |LUT5   |    56|
|7     |LUT6   |    30|
|8     |FDCE   |    22|
|9     |FDPE   |     1|
|10    |FDRE   |   153|
|11    |FDSE   |     1|
+------+-------+------+

Report Instance Areas: 
+------+--------------------------------+-----------------------+------+
|      |Instance                        |Module                 |Cells |
+------+--------------------------------+-----------------------+------+
|1     |top                             |                       |   304|
|2     |  inst                          |seven_seg_v1_0         |   304|
|3     |    seven_seg_v1_0_S00_AXI_inst |seven_seg_v1_0_S00_AXI |   304|
|4     |      seven_seg_u1              |seven_seg              |    91|
+------+--------------------------------+-----------------------+------+
---------------------------------------------------------------------------------
Finished Writing Synthesis Report : Time (s): cpu = 00:00:16 ; elapsed = 00:00:17 . Memory (MB): peak = 1024.840 ; gain = 371.715
---------------------------------------------------------------------------------
Synthesis finished with 0 errors, 48 critical warnings and 6 warnings.
Synthesis Optimization Runtime : Time (s): cpu = 00:00:11 ; elapsed = 00:00:16 . Memory (MB): peak = 1024.840 ; gain = 260.195
Synthesis Optimization Complete : Time (s): cpu = 00:00:16 ; elapsed = 00:00:18 . Memory (MB): peak = 1024.840 ; gain = 371.715
INFO: [Project 1-571] Translating synthesized netlist
INFO: [Netlist 29-17] Analyzing 4 Unisim elements for replacement
INFO: [Netlist 29-28] Unisim Transformation completed in 1 CPU seconds
INFO: [Project 1-570] Preparing netlist for logic optimization
INFO: [Opt 31-138] Pushed 0 inverter(s) to 0 load pin(s).
Netlist sorting complete. Time (s): cpu = 00:00:00 ; elapsed = 00:00:00 . Memory (MB): peak = 1040.836 ; gain = 0.000
INFO: [Project 1-111] Unisim Transformation Summary:
No Unisim elements were transformed.

INFO: [Common 17-83] Releasing license: Synthesis
31 Infos, 17 Warnings, 96 Critical Warnings and 0 Errors encountered.
synth_design completed successfully
synth_design: Time (s): cpu = 00:00:21 ; elapsed = 00:00:30 . Memory (MB): peak = 1040.836 ; gain = 656.973
Netlist sorting complete. Time (s): cpu = 00:00:00 ; elapsed = 00:00:00 . Memory (MB): peak = 1040.836 ; gain = 0.000
WARNING: [Constraints 18-5210] No constraints selected for write.
Resolution: This message can indicate that there are no constraints for the design, or it can indicate that the used_in flags are set such that the constraints are ignored. This later case is used when running synth_design to not write synthesis constraints to the resulting checkpoint. Instead, project constraints are read when the synthesized design is opened.
INFO: [Common 17-1381] The checkpoint 'D:/hyun/soc_proj/tetris/tetris.runs/system_seven_seg_0_5_synth_1/system_seven_seg_0_5.dcp' has been generated.
WARNING: [Common 17-576] 'use_project_ipc' is deprecated. This option is deprecated and no longer used.
INFO: [Coretcl 2-1648] Added synthesis output to IP cache for IP system_seven_seg_0_5, cache-ID = c8db660292d00c03
INFO: [Coretcl 2-1174] Renamed 3 cell refs.
Netlist sorting complete. Time (s): cpu = 00:00:00 ; elapsed = 00:00:00 . Memory (MB): peak = 1040.836 ; gain = 0.000
WARNING: [Constraints 18-5210] No constraints selected for write.
Resolution: This message can indicate that there are no constraints for the design, or it can indicate that the used_in flags are set such that the constraints are ignored. This later case is used when running synth_design to not write synthesis constraints to the resulting checkpoint. Instead, project constraints are read when the synthesized design is opened.
INFO: [Common 17-1381] The checkpoint 'D:/hyun/soc_proj/tetris/tetris.runs/system_seven_seg_0_5_synth_1/system_seven_seg_0_5.dcp' has been generated.
INFO: [runtcl-4] Executing : report_utilization -file system_seven_seg_0_5_utilization_synth.rpt -pb system_seven_seg_0_5_utilization_synth.pb
INFO: [Common 17-206] Exiting Vivado at Thu Jun 10 16:20:47 2021...
